<?xml version="1.0" encoding="UTF-8"?>
<coverage generated="1668305320410" clover="3.2.0">
  <project timestamp="1668305320410" name="All files">
    <metrics statements="86" coveredstatements="83" conditionals="19" coveredconditionals="15" methods="29" coveredmethods="28" elements="134" coveredelements="126" complexity="0" loc="86" ncloc="86" packages="5" files="5" classes="5"/>
    <package name="components.Header">
      <metrics statements="2" coveredstatements="2" conditionals="0" coveredconditionals="0" methods="1" coveredmethods="1"/>
      <file name="Header.tsx" path="/home/panda/swppfall2022-team18/Frontend/ooo/src/components/Header/Header.tsx">
        <metrics statements="2" coveredstatements="2" conditionals="0" coveredconditionals="0" methods="1" coveredmethods="1"/>
        <line num="10" count="2" type="stmt"/>
        <line num="11" count="13" type="stmt"/>
      </file>
    </package>
    <package name="containers.Login">
      <metrics statements="24" coveredstatements="23" conditionals="11" coveredconditionals="9" methods="8" coveredmethods="8"/>
      <file name="Login.tsx" path="/home/panda/swppfall2022-team18/Frontend/ooo/src/containers/Login/Login.tsx">
        <metrics statements="24" coveredstatements="23" conditionals="11" coveredconditionals="9" methods="8" coveredmethods="8"/>
        <line num="8" count="9" type="stmt"/>
        <line num="9" count="7" type="stmt"/>
        <line num="10" count="7" type="stmt"/>
        <line num="11" count="7" type="stmt"/>
        <line num="13" count="7" type="stmt"/>
        <line num="15" count="7" type="stmt"/>
        <line num="16" count="5" type="stmt"/>
        <line num="17" count="5" type="stmt"/>
        <line num="25" count="7" type="stmt"/>
        <line num="26" count="4" type="stmt"/>
        <line num="27" count="4" type="cond" truecount="2" falsecount="0"/>
        <line num="28" count="1" type="stmt"/>
        <line num="31" count="4" type="stmt"/>
        <line num="34" count="7" type="stmt"/>
        <line num="35" count="2" type="stmt"/>
        <line num="36" count="1" type="cond" truecount="1" falsecount="1"/>
        <line num="37" count="1" type="stmt"/>
        <line num="39" count="0" type="stmt"/>
        <line num="43" count="7" type="cond" truecount="2" falsecount="0"/>
        <line num="44" count="1" type="stmt"/>
        <line num="46" count="6" type="stmt"/>
        <line num="65" count="1" type="stmt"/>
        <line num="74" count="1" type="stmt"/>
        <line num="88" count="2" type="stmt"/>
      </file>
    </package>
    <package name="containers.OutfitDetail">
      <metrics statements="30" coveredstatements="29" conditionals="4" coveredconditionals="3" methods="10" coveredmethods="10"/>
      <file name="OutfitDetail.tsx" path="/home/panda/swppfall2022-team18/Frontend/ooo/src/containers/OutfitDetail/OutfitDetail.tsx">
        <metrics statements="30" coveredstatements="29" conditionals="4" coveredconditionals="3" methods="10" coveredmethods="10"/>
        <line num="16" count="2" type="stmt"/>
        <line num="20" count="13" type="stmt"/>
        <line num="21" count="13" type="stmt"/>
        <line num="22" count="12" type="stmt"/>
        <line num="23" count="12" type="stmt"/>
        <line num="30" count="12" type="stmt"/>
        <line num="45" count="12" type="stmt"/>
        <line num="68" count="12" type="stmt"/>
        <line num="76" count="12" type="stmt"/>
        <line num="77" count="1" type="stmt"/>
        <line num="80" count="12" type="stmt"/>
        <line num="82" count="3" type="stmt"/>
        <line num="83" count="3" type="cond" truecount="2" falsecount="0"/>
        <line num="84" count="2" type="stmt"/>
        <line num="85" count="2" type="stmt"/>
        <line num="87" count="1" type="stmt"/>
        <line num="88" count="1" type="stmt"/>
        <line num="90" count="3" type="stmt"/>
        <line num="93" count="12" type="cond" truecount="1" falsecount="1"/>
        <line num="94" count="0" type="stmt"/>
        <line num="96" count="12" type="stmt"/>
        <line num="101" count="1" type="stmt"/>
        <line num="104" count="1" type="stmt"/>
        <line num="107" count="1" type="stmt"/>
        <line num="120" count="1" type="stmt"/>
        <line num="130" count="24" type="stmt"/>
        <line num="136" count="3" type="stmt"/>
        <line num="162" count="1" type="stmt"/>
        <line num="163" count="1" type="stmt"/>
        <line num="164" count="1" type="stmt"/>
      </file>
    </package>
    <package name="store">
      <metrics statements="1" coveredstatements="0" conditionals="0" coveredconditionals="0" methods="0" coveredmethods="0"/>
      <file name="index.ts" path="/home/panda/swppfall2022-team18/Frontend/ooo/src/store/index.ts">
        <metrics statements="1" coveredstatements="0" conditionals="0" coveredconditionals="0" methods="0" coveredmethods="0"/>
        <line num="5" count="0" type="stmt"/>
      </file>
    </package>
    <package name="store.slices">
      <metrics statements="29" coveredstatements="29" conditionals="4" coveredconditionals="3" methods="10" coveredmethods="9"/>
      <file name="outfit.ts" path="/home/panda/swppfall2022-team18/Frontend/ooo/src/store/slices/outfit.ts">
        <metrics statements="29" coveredstatements="29" conditionals="4" coveredconditionals="3" methods="10" coveredmethods="9"/>
        <line num="52" count="1" type="stmt"/>
        <line num="66" count="1" type="stmt"/>
        <line num="70" count="1" type="stmt"/>
        <line num="73" count="1" type="stmt"/>
        <line num="76" count="1" type="stmt"/>
        <line num="80" count="1" type="stmt"/>
        <line num="83" count="1" type="stmt"/>
        <line num="86" count="1" type="stmt"/>
        <line num="90" count="1" type="stmt"/>
        <line num="93" count="2" type="stmt"/>
        <line num="94" count="2" type="stmt"/>
        <line num="97" count="2" type="stmt"/>
        <line num="98" count="2" type="cond" truecount="1" falsecount="1"/>
        <line num="102" count="1" type="stmt"/>
        <line num="105" count="2" type="stmt"/>
        <line num="108" count="2" type="cond" truecount="2" falsecount="0"/>
        <line num="112" count="1" type="stmt"/>
        <line num="131" count="1" type="stmt"/>
        <line num="133" count="1" type="stmt"/>
        <line num="135" count="1" type="stmt"/>
        <line num="137" count="1" type="stmt"/>
        <line num="139" count="1" type="stmt"/>
        <line num="140" count="2" type="stmt"/>
        <line num="141" count="2" type="stmt"/>
        <line num="142" count="2" type="stmt"/>
        <line num="144" count="1" type="stmt"/>
        <line num="145" count="2" type="stmt"/>
        <line num="150" count="1" type="stmt"/>
        <line num="151" count="1" type="stmt"/>
      </file>
    </package>
  </project>
</coverage>
