{"/home/panda/swppfall2022-team18/Frontend/ooo/src/components/Header/Header.tsx": {"path":"/home/panda/swppfall2022-team18/Frontend/ooo/src/components/Header/Header.tsx","statementMap":{"0":{"start":{"line":10,"column":15},"end":{"line":24,"column":1}},"1":{"start":{"line":11,"column":4},"end":{"line":23,"column":5}}},"fnMap":{"0":{"name":"(anonymous_0)","decl":{"start":{"line":10,"column":15},"end":{"line":10,"column":16}},"loc":{"start":{"line":10,"column":34},"end":{"line":24,"column":1}},"line":10}},"branchMap":{},"s":{"0":2,"1":13},"f":{"0":13},"b":{},"_coverageSchema":"1a1c01bbd47fc00a2c39e90264f33305004495a9","hash":"fa8aa5550f9115b8cdccf193c2872e8bfc38555a"}
,"/home/panda/swppfall2022-team18/Frontend/ooo/src/containers/Login/Login.tsx": {"path":"/home/panda/swppfall2022-team18/Frontend/ooo/src/containers/Login/Login.tsx","statementMap":{"0":{"start":{"line":8,"column":33},"end":{"line":8,"column":45}},"1":{"start":{"line":9,"column":33},"end":{"line":9,"column":45}},"2":{"start":{"line":10,"column":27},"end":{"line":10,"column":42}},"3":{"start":{"line":11,"column":37},"end":{"line":11,"column":52}},"4":{"start":{"line":13,"column":18},"end":{"line":13,"column":31}},"5":{"start":{"line":15,"column":23},"end":{"line":23,"column":2}},"6":{"start":{"line":16,"column":2},"end":{"line":16,"column":45}},"7":{"start":{"line":17,"column":2},"end":{"line":21,"column":4}},"8":{"start":{"line":25,"column":1},"end":{"line":32,"column":8}},"9":{"start":{"line":26,"column":19},"end":{"line":30,"column":3}},"10":{"start":{"line":27,"column":3},"end":{"line":29,"column":4}},"11":{"start":{"line":28,"column":4},"end":{"line":28,"column":22}},"12":{"start":{"line":31,"column":2},"end":{"line":31,"column":13}},"13":{"start":{"line":34,"column":26},"end":{"line":41,"column":2}},"14":{"start":{"line":35,"column":2},"end":{"line":35,"column":39}},"15":{"start":{"line":36,"column":2},"end":{"line":40,"column":3}},"16":{"start":{"line":37,"column":3},"end":{"line":37,"column":18}},"17":{"start":{"line":39,"column":3},"end":{"line":39,"column":23}},"18":{"start":{"line":43,"column":1},"end":{"line":104,"column":2}},"19":{"start":{"line":44,"column":2},"end":{"line":44,"column":33}},"20":{"start":{"line":46,"column":2},"end":{"line":103,"column":4}},"21":{"start":{"line":65,"column":29},"end":{"line":65,"column":60}},"22":{"start":{"line":74,"column":29},"end":{"line":74,"column":60}},"23":{"start":{"line":88,"column":23},"end":{"line":88,"column":41}}},"fnMap":{"0":{"name":"Login","decl":{"start":{"line":7,"column":24},"end":{"line":7,"column":29}},"loc":{"start":{"line":7,"column":32},"end":{"line":105,"column":1}},"line":7},"1":{"name":"(anonymous_1)","decl":{"start":{"line":15,"column":23},"end":{"line":15,"column":24}},"loc":{"start":{"line":15,"column":29},"end":{"line":23,"column":2}},"line":15},"2":{"name":"(anonymous_2)","decl":{"start":{"line":25,"column":11},"end":{"line":25,"column":12}},"loc":{"start":{"line":25,"column":17},"end":{"line":32,"column":2}},"line":25},"3":{"name":"(anonymous_3)","decl":{"start":{"line":26,"column":19},"end":{"line":26,"column":20}},"loc":{"start":{"line":26,"column":25},"end":{"line":30,"column":3}},"line":26},"4":{"name":"(anonymous_4)","decl":{"start":{"line":34,"column":26},"end":{"line":34,"column":27}},"loc":{"start":{"line":34,"column":38},"end":{"line":41,"column":2}},"line":34},"5":{"name":"(anonymous_5)","decl":{"start":{"line":65,"column":18},"end":{"line":65,"column":19}},"loc":{"start":{"line":65,"column":29},"end":{"line":65,"column":60}},"line":65},"6":{"name":"(anonymous_6)","decl":{"start":{"line":74,"column":18},"end":{"line":74,"column":19}},"loc":{"start":{"line":74,"column":29},"end":{"line":74,"column":60}},"line":74},"7":{"name":"(anonymous_7)","decl":{"start":{"line":88,"column":17},"end":{"line":88,"column":18}},"loc":{"start":{"line":88,"column":23},"end":{"line":88,"column":41}},"line":88}},"branchMap":{"0":{"loc":{"start":{"line":18,"column":3},"end":{"line":20,"column":48}},"type":"binary-expr","locations":[{"start":{"line":18,"column":3},"end":{"line":18,"column":44}},{"start":{"line":19,"column":4},"end":{"line":19,"column":42}},{"start":{"line":20,"column":4},"end":{"line":20,"column":47}}],"line":18},"1":{"loc":{"start":{"line":27,"column":3},"end":{"line":29,"column":4}},"type":"if","locations":[{"start":{"line":27,"column":3},"end":{"line":29,"column":4}},{"start":{},"end":{}}],"line":27},"2":{"loc":{"start":{"line":36,"column":2},"end":{"line":40,"column":3}},"type":"if","locations":[{"start":{"line":36,"column":2},"end":{"line":40,"column":3}},{"start":{"line":38,"column":9},"end":{"line":40,"column":3}}],"line":36},"3":{"loc":{"start":{"line":43,"column":1},"end":{"line":104,"column":2}},"type":"if","locations":[{"start":{"line":43,"column":1},"end":{"line":104,"column":2}},{"start":{"line":45,"column":8},"end":{"line":104,"column":2}}],"line":43},"4":{"loc":{"start":{"line":78,"column":8},"end":{"line":82,"column":8}},"type":"cond-expr","locations":[{"start":{"line":79,"column":8},"end":{"line":79,"column":19}},{"start":{"line":81,"column":8},"end":{"line":81,"column":82}}],"line":78}},"s":{"0":9,"1":7,"2":7,"3":7,"4":7,"5":7,"6":5,"7":5,"8":7,"9":4,"10":4,"11":1,"12":4,"13":7,"14":2,"15":1,"16":1,"17":0,"18":7,"19":1,"20":6,"21":1,"22":1,"23":2},"f":{"0":9,"1":5,"2":4,"3":4,"4":2,"5":1,"6":1,"7":2},"b":{"0":[5,2,2],"1":[1,3],"2":[1,0],"3":[1,6],"4":[6,0]},"_coverageSchema":"1a1c01bbd47fc00a2c39e90264f33305004495a9","hash":"8f256bcc8b53c3b803a8846f547f0c7846b1c049"}
,"/home/panda/swppfall2022-team18/Frontend/ooo/src/containers/OutfitDetail/OutfitDetail.tsx": {"path":"/home/panda/swppfall2022-team18/Frontend/ooo/src/containers/OutfitDetail/OutfitDetail.tsx","statementMap":{"0":{"start":{"line":16,"column":21},"end":{"line":174,"column":1}},"1":{"start":{"line":20,"column":18},"end":{"line":20,"column":31}},"2":{"start":{"line":21,"column":35},"end":{"line":21,"column":50}},"3":{"start":{"line":22,"column":43},"end":{"line":22,"column":54}},"4":{"start":{"line":23,"column":33},"end":{"line":23,"column":48}},"5":{"start":{"line":30,"column":24},"end":{"line":43,"column":2}},"6":{"start":{"line":45,"column":23},"end":{"line":66,"column":2}},"7":{"start":{"line":68,"column":21},"end":{"line":74,"column":2}},"8":{"start":{"line":76,"column":35},"end":{"line":78,"column":2}},"9":{"start":{"line":77,"column":2},"end":{"line":77,"column":59}},"10":{"start":{"line":80,"column":27},"end":{"line":91,"column":2}},"11":{"start":{"line":82,"column":2},"end":{"line":82,"column":21}},"12":{"start":{"line":83,"column":2},"end":{"line":89,"column":3}},"13":{"start":{"line":84,"column":3},"end":{"line":84,"column":23}},"14":{"start":{"line":85,"column":3},"end":{"line":85,"column":21}},"15":{"start":{"line":87,"column":3},"end":{"line":87,"column":23}},"16":{"start":{"line":88,"column":3},"end":{"line":88,"column":22}},"17":{"start":{"line":90,"column":2},"end":{"line":90,"column":29}},"18":{"start":{"line":93,"column":1},"end":{"line":173,"column":4}},"19":{"start":{"line":94,"column":2},"end":{"line":94,"column":29}},"20":{"start":{"line":96,"column":2},"end":{"line":173,"column":4}},"21":{"start":{"line":101,"column":7},"end":{"line":101,"column":21}},"22":{"start":{"line":104,"column":7},"end":{"line":104,"column":20}},"23":{"start":{"line":107,"column":7},"end":{"line":107,"column":25}},"24":{"start":{"line":120,"column":8},"end":{"line":120,"column":59}},"25":{"start":{"line":130,"column":8},"end":{"line":139,"column":10}},"26":{"start":{"line":136,"column":26},"end":{"line":136,"column":57}},"27":{"start":{"line":162,"column":8},"end":{"line":162,"column":28}},"28":{"start":{"line":163,"column":8},"end":{"line":163,"column":28}},"29":{"start":{"line":164,"column":8},"end":{"line":164,"column":27}}},"fnMap":{"0":{"name":"(anonymous_0)","decl":{"start":{"line":16,"column":21},"end":{"line":16,"column":22}},"loc":{"start":{"line":16,"column":27},"end":{"line":174,"column":1}},"line":16},"1":{"name":"(anonymous_1)","decl":{"start":{"line":76,"column":35},"end":{"line":76,"column":36}},"loc":{"start":{"line":76,"column":62},"end":{"line":78,"column":2}},"line":76},"2":{"name":"(anonymous_2)","decl":{"start":{"line":80,"column":27},"end":{"line":80,"column":28}},"loc":{"start":{"line":80,"column":43},"end":{"line":91,"column":2}},"line":80},"3":{"name":"(anonymous_3)","decl":{"start":{"line":100,"column":24},"end":{"line":100,"column":25}},"loc":{"start":{"line":100,"column":30},"end":{"line":102,"column":7}},"line":100},"4":{"name":"(anonymous_4)","decl":{"start":{"line":103,"column":26},"end":{"line":103,"column":27}},"loc":{"start":{"line":103,"column":32},"end":{"line":105,"column":7}},"line":103},"5":{"name":"(anonymous_5)","decl":{"start":{"line":106,"column":26},"end":{"line":106,"column":27}},"loc":{"start":{"line":106,"column":32},"end":{"line":108,"column":7}},"line":106},"6":{"name":"(anonymous_6)","decl":{"start":{"line":119,"column":16},"end":{"line":119,"column":17}},"loc":{"start":{"line":120,"column":8},"end":{"line":120,"column":59}},"line":120},"7":{"name":"(anonymous_7)","decl":{"start":{"line":129,"column":26},"end":{"line":129,"column":27}},"loc":{"start":{"line":129,"column":34},"end":{"line":140,"column":8}},"line":129},"8":{"name":"(anonymous_8)","decl":{"start":{"line":136,"column":20},"end":{"line":136,"column":21}},"loc":{"start":{"line":136,"column":26},"end":{"line":136,"column":57}},"line":136},"9":{"name":"(anonymous_9)","decl":{"start":{"line":161,"column":16},"end":{"line":161,"column":17}},"loc":{"start":{"line":161,"column":22},"end":{"line":165,"column":8}},"line":161}},"branchMap":{"0":{"loc":{"start":{"line":83,"column":2},"end":{"line":89,"column":3}},"type":"if","locations":[{"start":{"line":83,"column":2},"end":{"line":89,"column":3}},{"start":{"line":86,"column":9},"end":{"line":89,"column":3}}],"line":83},"1":{"loc":{"start":{"line":93,"column":1},"end":{"line":173,"column":4}},"type":"if","locations":[{"start":{"line":93,"column":1},"end":{"line":173,"column":4}},{"start":{"line":96,"column":2},"end":{"line":173,"column":4}}],"line":93}},"s":{"0":2,"1":13,"2":13,"3":12,"4":12,"5":12,"6":12,"7":12,"8":12,"9":1,"10":12,"11":3,"12":3,"13":2,"14":2,"15":1,"16":1,"17":3,"18":12,"19":0,"20":12,"21":1,"22":1,"23":1,"24":1,"25":24,"26":3,"27":1,"28":1,"29":1},"f":{"0":13,"1":1,"2":3,"3":1,"4":1,"5":1,"6":1,"7":24,"8":3,"9":1},"b":{"0":[2,1],"1":[0,12]},"_coverageSchema":"1a1c01bbd47fc00a2c39e90264f33305004495a9","hash":"05cfb79aa512951b149ab639021b69fdd5e8e199"}
,"/home/panda/swppfall2022-team18/Frontend/ooo/src/store/index.ts": {"path":"/home/panda/swppfall2022-team18/Frontend/ooo/src/store/index.ts","statementMap":{"0":{"start":{"line":5,"column":21},"end":{"line":10,"column":2}}},"fnMap":{},"branchMap":{},"s":{"0":0},"f":{},"b":{}}
,"/home/panda/swppfall2022-team18/Frontend/ooo/src/store/slices/outfit.ts": {"path":"/home/panda/swppfall2022-team18/Frontend/ooo/src/store/slices/outfit.ts","statementMap":{"0":{"start":{"line":52,"column":34},"end":{"line":64,"column":1}},"1":{"start":{"line":66,"column":16},"end":{"line":68,"column":1}},"2":{"start":{"line":70,"column":28},"end":{"line":78,"column":1}},"3":{"start":{"line":73,"column":19},"end":{"line":75,"column":4}},"4":{"start":{"line":76,"column":2},"end":{"line":76,"column":23}},"5":{"start":{"line":80,"column":36},"end":{"line":88,"column":1}},"6":{"start":{"line":83,"column":19},"end":{"line":85,"column":4}},"7":{"start":{"line":86,"column":2},"end":{"line":86,"column":23}},"8":{"start":{"line":90,"column":27},"end":{"line":100,"column":1}},"9":{"start":{"line":93,"column":2},"end":{"line":93,"column":29}},"10":{"start":{"line":94,"column":19},"end":{"line":96,"column":4}},"11":{"start":{"line":97,"column":2},"end":{"line":97,"column":44}},"12":{"start":{"line":98,"column":2},"end":{"line":98,"column":31}},"13":{"start":{"line":102,"column":32},"end":{"line":110,"column":1}},"14":{"start":{"line":105,"column":19},"end":{"line":107,"column":4}},"15":{"start":{"line":108,"column":2},"end":{"line":108,"column":31}},"16":{"start":{"line":112,"column":27},"end":{"line":148,"column":2}},"17":{"start":{"line":131,"column":2},"end":{"line":134,"column":5}},"18":{"start":{"line":133,"column":3},"end":{"line":133,"column":34}},"19":{"start":{"line":135,"column":2},"end":{"line":138,"column":5}},"20":{"start":{"line":137,"column":3},"end":{"line":137,"column":34}},"21":{"start":{"line":139,"column":2},"end":{"line":143,"column":5}},"22":{"start":{"line":140,"column":3},"end":{"line":140,"column":30}},"23":{"start":{"line":141,"column":3},"end":{"line":141,"column":48}},"24":{"start":{"line":142,"column":3},"end":{"line":142,"column":54}},"25":{"start":{"line":144,"column":2},"end":{"line":146,"column":5}},"26":{"start":{"line":145,"column":3},"end":{"line":145,"column":36}},"27":{"start":{"line":150,"column":29},"end":{"line":150,"column":48}},"28":{"start":{"line":151,"column":28},"end":{"line":151,"column":62}},"29":{"start":{"line":151,"column":50},"end":{"line":151,"column":62}}},"fnMap":{"0":{"name":"(anonymous_0)","decl":{"start":{"line":72,"column":1},"end":{"line":72,"column":2}},"loc":{"start":{"line":72,"column":13},"end":{"line":77,"column":2}},"line":72},"1":{"name":"(anonymous_1)","decl":{"start":{"line":82,"column":1},"end":{"line":82,"column":2}},"loc":{"start":{"line":82,"column":13},"end":{"line":87,"column":2}},"line":82},"2":{"name":"(anonymous_2)","decl":{"start":{"line":92,"column":1},"end":{"line":92,"column":2}},"loc":{"start":{"line":92,"column":33},"end":{"line":99,"column":2}},"line":92},"3":{"name":"(anonymous_3)","decl":{"start":{"line":104,"column":1},"end":{"line":104,"column":2}},"loc":{"start":{"line":104,"column":33},"end":{"line":109,"column":2}},"line":104},"4":{"name":"(anonymous_4)","decl":{"start":{"line":129,"column":16},"end":{"line":129,"column":17}},"loc":{"start":{"line":129,"column":29},"end":{"line":147,"column":2}},"line":129},"5":{"name":"(anonymous_5)","decl":{"start":{"line":131,"column":42},"end":{"line":131,"column":43}},"loc":{"start":{"line":131,"column":61},"end":{"line":134,"column":3}},"line":131},"6":{"name":"(anonymous_6)","decl":{"start":{"line":135,"column":50},"end":{"line":135,"column":51}},"loc":{"start":{"line":135,"column":69},"end":{"line":138,"column":3}},"line":135},"7":{"name":"(anonymous_7)","decl":{"start":{"line":139,"column":41},"end":{"line":139,"column":42}},"loc":{"start":{"line":139,"column":60},"end":{"line":143,"column":3}},"line":139},"8":{"name":"(anonymous_8)","decl":{"start":{"line":144,"column":46},"end":{"line":144,"column":47}},"loc":{"start":{"line":144,"column":65},"end":{"line":146,"column":3}},"line":144},"9":{"name":"(anonymous_9)","decl":{"start":{"line":151,"column":28},"end":{"line":151,"column":29}},"loc":{"start":{"line":151,"column":50},"end":{"line":151,"column":62}},"line":151}},"branchMap":{"0":{"loc":{"start":{"line":98,"column":9},"end":{"line":98,"column":30}},"type":"binary-expr","locations":[{"start":{"line":98,"column":9},"end":{"line":98,"column":22}},{"start":{"line":98,"column":26},"end":{"line":98,"column":30}}],"line":98},"1":{"loc":{"start":{"line":108,"column":9},"end":{"line":108,"column":30}},"type":"binary-expr","locations":[{"start":{"line":108,"column":9},"end":{"line":108,"column":22}},{"start":{"line":108,"column":26},"end":{"line":108,"column":30}}],"line":108}},"s":{"0":1,"1":1,"2":1,"3":1,"4":1,"5":1,"6":1,"7":1,"8":1,"9":2,"10":2,"11":2,"12":2,"13":1,"14":2,"15":2,"16":1,"17":1,"18":1,"19":1,"20":1,"21":1,"22":2,"23":2,"24":2,"25":1,"26":2,"27":1,"28":1,"29":0},"f":{"0":1,"1":1,"2":2,"3":2,"4":1,"5":1,"6":1,"7":2,"8":2,"9":0},"b":{"0":[2,0],"1":[2,1]},"_coverageSchema":"1a1c01bbd47fc00a2c39e90264f33305004495a9","hash":"191502c0816b6762a2fecd7dc112baf4acb061d4"}
}
