{"/home/panda/swppfall2022-team18/Frontend/ooo/src/App.tsx": {"path":"/home/panda/swppfall2022-team18/Frontend/ooo/src/App.tsx","statementMap":{"0":{"start":{"line":20,"column":1},"end":{"line":34,"column":3}}},"fnMap":{"0":{"name":"App","decl":{"start":{"line":19,"column":9},"end":{"line":19,"column":12}},"loc":{"start":{"line":19,"column":15},"end":{"line":35,"column":1}},"line":19}},"branchMap":{},"s":{"0":2},"f":{"0":2},"b":{},"_coverageSchema":"1a1c01bbd47fc00a2c39e90264f33305004495a9","hash":"cd28933111528deec79e0e989a3ccb77b6f13338"}
,"/home/panda/swppfall2022-team18/Frontend/ooo/src/api/user.tsx": {"path":"/home/panda/swppfall2022-team18/Frontend/ooo/src/api/user.tsx","statementMap":{"0":{"start":{"line":5,"column":26},"end":{"line":35,"column":1}},"1":{"start":{"line":6,"column":1},"end":{"line":6,"column":23}},"2":{"start":{"line":7,"column":1},"end":{"line":14,"column":5}},"3":{"start":{"line":10,"column":3},"end":{"line":10,"column":25}},"4":{"start":{"line":13,"column":3},"end":{"line":13,"column":31}},"5":{"start":{"line":16,"column":14},"end":{"line":16,"column":50}},"6":{"start":{"line":17,"column":1},"end":{"line":17,"column":19}},"7":{"start":{"line":18,"column":16},"end":{"line":25,"column":2}},"8":{"start":{"line":27,"column":1},"end":{"line":34,"column":5}},"9":{"start":{"line":30,"column":3},"end":{"line":30,"column":46}},"10":{"start":{"line":33,"column":3},"end":{"line":33,"column":31}},"11":{"start":{"line":37,"column":26},"end":{"line":50,"column":1}},"12":{"start":{"line":38,"column":14},"end":{"line":38,"column":50}},"13":{"start":{"line":39,"column":16},"end":{"line":45,"column":2}},"14":{"start":{"line":47,"column":1},"end":{"line":49,"column":4}},"15":{"start":{"line":48,"column":2},"end":{"line":48,"column":30}},"16":{"start":{"line":52,"column":26},"end":{"line":67,"column":1}},"17":{"start":{"line":53,"column":14},"end":{"line":53,"column":60}},"18":{"start":{"line":54,"column":16},"end":{"line":61,"column":2}},"19":{"start":{"line":62,"column":1},"end":{"line":62,"column":44}},"20":{"start":{"line":63,"column":1},"end":{"line":66,"column":4}},"21":{"start":{"line":64,"column":2},"end":{"line":64,"column":35}},"22":{"start":{"line":65,"column":2},"end":{"line":65,"column":38}}},"fnMap":{"0":{"name":"(anonymous_0)","decl":{"start":{"line":5,"column":26},"end":{"line":5,"column":27}},"loc":{"start":{"line":5,"column":66},"end":{"line":35,"column":1}},"line":5},"1":{"name":"(anonymous_1)","decl":{"start":{"line":9,"column":8},"end":{"line":9,"column":9}},"loc":{"start":{"line":9,"column":22},"end":{"line":11,"column":3}},"line":9},"2":{"name":"(anonymous_2)","decl":{"start":{"line":12,"column":9},"end":{"line":12,"column":10}},"loc":{"start":{"line":12,"column":20},"end":{"line":14,"column":3}},"line":12},"3":{"name":"(anonymous_3)","decl":{"start":{"line":29,"column":8},"end":{"line":29,"column":9}},"loc":{"start":{"line":29,"column":14},"end":{"line":31,"column":3}},"line":29},"4":{"name":"(anonymous_4)","decl":{"start":{"line":32,"column":9},"end":{"line":32,"column":10}},"loc":{"start":{"line":32,"column":20},"end":{"line":34,"column":3}},"line":32},"5":{"name":"(anonymous_5)","decl":{"start":{"line":37,"column":26},"end":{"line":37,"column":27}},"loc":{"start":{"line":37,"column":66},"end":{"line":50,"column":1}},"line":37},"6":{"name":"(anonymous_6)","decl":{"start":{"line":47,"column":57},"end":{"line":47,"column":58}},"loc":{"start":{"line":47,"column":68},"end":{"line":49,"column":2}},"line":47},"7":{"name":"(anonymous_7)","decl":{"start":{"line":52,"column":26},"end":{"line":52,"column":27}},"loc":{"start":{"line":52,"column":38},"end":{"line":67,"column":1}},"line":52},"8":{"name":"(anonymous_8)","decl":{"start":{"line":63,"column":56},"end":{"line":63,"column":57}},"loc":{"start":{"line":63,"column":62},"end":{"line":66,"column":2}},"line":63}},"branchMap":{},"s":{"0":3,"1":2,"2":2,"3":0,"4":1,"5":1,"6":1,"7":1,"8":1,"9":1,"10":0,"11":3,"12":0,"13":0,"14":0,"15":0,"16":3,"17":0,"18":0,"19":0,"20":0,"21":0,"22":0},"f":{"0":2,"1":0,"2":1,"3":1,"4":0,"5":0,"6":0,"7":0,"8":0},"b":{},"_coverageSchema":"1a1c01bbd47fc00a2c39e90264f33305004495a9","hash":"6d0499cf703b8d0c7ca1486b67debdc71e2a5127"}
,"/home/panda/swppfall2022-team18/Frontend/ooo/src/components/AddClothModal/AddClothModal.tsx": {"path":"/home/panda/swppfall2022-team18/Frontend/ooo/src/components/AddClothModal/AddClothModal.tsx","statementMap":{"0":{"start":{"line":34,"column":22},"end":{"line":155,"column":1}},"1":{"start":{"line":35,"column":18},"end":{"line":35,"column":31}},"2":{"start":{"line":41,"column":25},"end":{"line":41,"column":45}},"3":{"start":{"line":42,"column":32},"end":{"line":42,"column":50}},"4":{"start":{"line":43,"column":25},"end":{"line":43,"column":45}},"5":{"start":{"line":44,"column":27},"end":{"line":44,"column":47}},"6":{"start":{"line":45,"column":31},"end":{"line":45,"column":51}},"7":{"start":{"line":46,"column":35},"end":{"line":46,"column":59}},"8":{"start":{"line":47,"column":18},"end":{"line":47,"column":44}},"9":{"start":{"line":49,"column":30},"end":{"line":68,"column":2}},"10":{"start":{"line":50,"column":15},"end":{"line":56,"column":3}},"11":{"start":{"line":57,"column":2},"end":{"line":59,"column":3}},"12":{"start":{"line":58,"column":3},"end":{"line":58,"column":51}},"13":{"start":{"line":60,"column":17},"end":{"line":60,"column":54}},"14":{"start":{"line":61,"column":2},"end":{"line":61,"column":22}},"15":{"start":{"line":63,"column":2},"end":{"line":67,"column":3}},"16":{"start":{"line":64,"column":3},"end":{"line":64,"column":22}},"17":{"start":{"line":66,"column":3},"end":{"line":66,"column":38}},"18":{"start":{"line":70,"column":35},"end":{"line":70,"column":47}},"19":{"start":{"line":72,"column":23},"end":{"line":74,"column":2}},"20":{"start":{"line":73,"column":2},"end":{"line":73,"column":55}},"21":{"start":{"line":76,"column":1},"end":{"line":78,"column":2}},"22":{"start":{"line":77,"column":2},"end":{"line":77,"column":23}},"23":{"start":{"line":80,"column":1},"end":{"line":154,"column":3}},"24":{"start":{"line":112,"column":24},"end":{"line":112,"column":47}},"25":{"start":{"line":122,"column":24},"end":{"line":122,"column":47}},"26":{"start":{"line":132,"column":24},"end":{"line":132,"column":48}},"27":{"start":{"line":142,"column":24},"end":{"line":142,"column":50}},"28":{"start":{"line":147,"column":21},"end":{"line":147,"column":43}}},"fnMap":{"0":{"name":"(anonymous_0)","decl":{"start":{"line":34,"column":22},"end":{"line":34,"column":23}},"loc":{"start":{"line":34,"column":28},"end":{"line":155,"column":1}},"line":34},"1":{"name":"(anonymous_1)","decl":{"start":{"line":49,"column":30},"end":{"line":49,"column":31}},"loc":{"start":{"line":49,"column":42},"end":{"line":68,"column":2}},"line":49},"2":{"name":"(anonymous_2)","decl":{"start":{"line":72,"column":23},"end":{"line":72,"column":24}},"loc":{"start":{"line":72,"column":35},"end":{"line":74,"column":2}},"line":72},"3":{"name":"(anonymous_3)","decl":{"start":{"line":112,"column":17},"end":{"line":112,"column":18}},"loc":{"start":{"line":112,"column":24},"end":{"line":112,"column":47}},"line":112},"4":{"name":"(anonymous_4)","decl":{"start":{"line":122,"column":17},"end":{"line":122,"column":18}},"loc":{"start":{"line":122,"column":24},"end":{"line":122,"column":47}},"line":122},"5":{"name":"(anonymous_5)","decl":{"start":{"line":132,"column":17},"end":{"line":132,"column":18}},"loc":{"start":{"line":132,"column":24},"end":{"line":132,"column":48}},"line":132},"6":{"name":"(anonymous_6)","decl":{"start":{"line":142,"column":17},"end":{"line":142,"column":18}},"loc":{"start":{"line":142,"column":24},"end":{"line":142,"column":50}},"line":142},"7":{"name":"(anonymous_7)","decl":{"start":{"line":147,"column":15},"end":{"line":147,"column":16}},"loc":{"start":{"line":147,"column":21},"end":{"line":147,"column":43}},"line":147}},"branchMap":{"0":{"loc":{"start":{"line":52,"column":13},"end":{"line":52,"column":26}},"type":"binary-expr","locations":[{"start":{"line":52,"column":13},"end":{"line":52,"column":21}},{"start":{"line":52,"column":25},"end":{"line":52,"column":26}}],"line":52},"1":{"loc":{"start":{"line":57,"column":2},"end":{"line":59,"column":3}},"type":"if","locations":[{"start":{"line":57,"column":2},"end":{"line":59,"column":3}},{"start":{},"end":{}}],"line":57},"2":{"loc":{"start":{"line":57,"column":6},"end":{"line":57,"column":48}},"type":"binary-expr","locations":[{"start":{"line":57,"column":6},"end":{"line":57,"column":16}},{"start":{"line":57,"column":20},"end":{"line":57,"column":31}},{"start":{"line":57,"column":35},"end":{"line":57,"column":48}}],"line":57},"3":{"loc":{"start":{"line":63,"column":2},"end":{"line":67,"column":3}},"type":"if","locations":[{"start":{"line":63,"column":2},"end":{"line":67,"column":3}},{"start":{"line":65,"column":9},"end":{"line":67,"column":3}}],"line":63},"4":{"loc":{"start":{"line":76,"column":1},"end":{"line":78,"column":2}},"type":"if","locations":[{"start":{"line":76,"column":1},"end":{"line":78,"column":2}},{"start":{},"end":{}}],"line":76},"5":{"loc":{"start":{"line":88,"column":7},"end":{"line":94,"column":7}},"type":"cond-expr","locations":[{"start":{"line":89,"column":7},"end":{"line":91,"column":8}},{"start":{"line":93,"column":7},"end":{"line":93,"column":51}}],"line":88},"6":{"loc":{"start":{"line":89,"column":7},"end":{"line":91,"column":8}},"type":"binary-expr","locations":[{"start":{"line":89,"column":7},"end":{"line":89,"column":16}},{"start":{"line":90,"column":8},"end":{"line":90,"column":72}}],"line":89}},"s":{"0":1,"1":0,"2":0,"3":0,"4":0,"5":0,"6":0,"7":0,"8":0,"9":0,"10":0,"11":0,"12":0,"13":0,"14":0,"15":0,"16":0,"17":0,"18":0,"19":0,"20":0,"21":0,"22":0,"23":0,"24":0,"25":0,"26":0,"27":0,"28":0},"f":{"0":0,"1":0,"2":0,"3":0,"4":0,"5":0,"6":0,"7":0},"b":{"0":[0,0],"1":[0,0],"2":[0,0,0],"3":[0,0],"4":[0,0],"5":[0,0],"6":[0,0]},"_coverageSchema":"1a1c01bbd47fc00a2c39e90264f33305004495a9","hash":"14a72696c5a9d825581baf8d40bd3fe4ed739c7a"}
,"/home/panda/swppfall2022-team18/Frontend/ooo/src/components/ClosetItem/ClosetItem.tsx": {"path":"/home/panda/swppfall2022-team18/Frontend/ooo/src/components/ClosetItem/ClosetItem.tsx","statementMap":{"0":{"start":{"line":20,"column":19},"end":{"line":49,"column":1}},"1":{"start":{"line":21,"column":57},"end":{"line":21,"column":72}},"2":{"start":{"line":23,"column":38},"end":{"line":25,"column":2}},"3":{"start":{"line":24,"column":2},"end":{"line":24,"column":32}},"4":{"start":{"line":27,"column":1},"end":{"line":48,"column":3}},"5":{"start":{"line":35,"column":26},"end":{"line":35,"column":56}}},"fnMap":{"0":{"name":"(anonymous_0)","decl":{"start":{"line":20,"column":19},"end":{"line":20,"column":20}},"loc":{"start":{"line":20,"column":38},"end":{"line":49,"column":1}},"line":20},"1":{"name":"(anonymous_1)","decl":{"start":{"line":23,"column":38},"end":{"line":23,"column":39}},"loc":{"start":{"line":23,"column":44},"end":{"line":25,"column":2}},"line":23},"2":{"name":"(anonymous_2)","decl":{"start":{"line":35,"column":20},"end":{"line":35,"column":21}},"loc":{"start":{"line":35,"column":26},"end":{"line":35,"column":56}},"line":35}},"branchMap":{},"s":{"0":1,"1":0,"2":0,"3":0,"4":0,"5":0},"f":{"0":0,"1":0,"2":0},"b":{},"_coverageSchema":"1a1c01bbd47fc00a2c39e90264f33305004495a9","hash":"70538a6691cb7115ff22cc6bd18a8b85fb9b3301"}
,"/home/panda/swppfall2022-team18/Frontend/ooo/src/components/ClothDetailModal/ClothDetailModal.tsx": {"path":"/home/panda/swppfall2022-team18/Frontend/ooo/src/components/ClothDetailModal/ClothDetailModal.tsx","statementMap":{"0":{"start":{"line":20,"column":25},"end":{"line":103,"column":1}},"1":{"start":{"line":21,"column":18},"end":{"line":21,"column":31}},"2":{"start":{"line":22,"column":16},"end":{"line":22,"column":27}},"3":{"start":{"line":24,"column":25},"end":{"line":24,"column":45}},"4":{"start":{"line":25,"column":32},"end":{"line":25,"column":50}},"5":{"start":{"line":26,"column":25},"end":{"line":26,"column":45}},"6":{"start":{"line":27,"column":27},"end":{"line":27,"column":47}},"7":{"start":{"line":28,"column":31},"end":{"line":28,"column":51}},"8":{"start":{"line":29,"column":35},"end":{"line":29,"column":59}},"9":{"start":{"line":30,"column":18},"end":{"line":30,"column":44}},"10":{"start":{"line":43,"column":15},"end":{"line":52,"column":2}},"11":{"start":{"line":54,"column":44},"end":{"line":56,"column":2}},"12":{"start":{"line":55,"column":2},"end":{"line":55,"column":23}},"13":{"start":{"line":62,"column":1},"end":{"line":64,"column":2}},"14":{"start":{"line":63,"column":2},"end":{"line":63,"column":23}},"15":{"start":{"line":66,"column":1},"end":{"line":102,"column":3}},"16":{"start":{"line":95,"column":21},"end":{"line":95,"column":57}}},"fnMap":{"0":{"name":"(anonymous_0)","decl":{"start":{"line":20,"column":25},"end":{"line":20,"column":26}},"loc":{"start":{"line":20,"column":31},"end":{"line":103,"column":1}},"line":20},"1":{"name":"(anonymous_1)","decl":{"start":{"line":54,"column":44},"end":{"line":54,"column":45}},"loc":{"start":{"line":54,"column":50},"end":{"line":56,"column":2}},"line":54},"2":{"name":"(anonymous_2)","decl":{"start":{"line":95,"column":15},"end":{"line":95,"column":16}},"loc":{"start":{"line":95,"column":21},"end":{"line":95,"column":57}},"line":95}},"branchMap":{"0":{"loc":{"start":{"line":62,"column":1},"end":{"line":64,"column":2}},"type":"if","locations":[{"start":{"line":62,"column":1},"end":{"line":64,"column":2}},{"start":{},"end":{}}],"line":62}},"s":{"0":1,"1":0,"2":0,"3":0,"4":0,"5":0,"6":0,"7":0,"8":0,"9":0,"10":0,"11":0,"12":0,"13":0,"14":0,"15":0,"16":0},"f":{"0":0,"1":0,"2":0},"b":{"0":[0,0]},"_coverageSchema":"1a1c01bbd47fc00a2c39e90264f33305004495a9","hash":"998f6b0c63824b2439f8fd135fe91616cce77bff"}
,"/home/panda/swppfall2022-team18/Frontend/ooo/src/components/FilterModal/FilterModal.tsx": {"path":"/home/panda/swppfall2022-team18/Frontend/ooo/src/components/FilterModal/FilterModal.tsx","statementMap":{"0":{"start":{"line":13,"column":20},"end":{"line":70,"column":1}},"1":{"start":{"line":14,"column":22},"end":{"line":21,"column":2}},"2":{"start":{"line":23,"column":24},"end":{"line":27,"column":2}},"3":{"start":{"line":29,"column":21},"end":{"line":34,"column":2}},"4":{"start":{"line":36,"column":22},"end":{"line":38,"column":2}},"5":{"start":{"line":37,"column":2},"end":{"line":37,"column":30}},"6":{"start":{"line":40,"column":1},"end":{"line":69,"column":3}},"7":{"start":{"line":44,"column":5},"end":{"line":46,"column":14}},"8":{"start":{"line":51,"column":5},"end":{"line":53,"column":14}},"9":{"start":{"line":59,"column":5},"end":{"line":61,"column":14}}},"fnMap":{"0":{"name":"(anonymous_0)","decl":{"start":{"line":13,"column":20},"end":{"line":13,"column":21}},"loc":{"start":{"line":13,"column":39},"end":{"line":70,"column":1}},"line":13},"1":{"name":"(anonymous_1)","decl":{"start":{"line":36,"column":22},"end":{"line":36,"column":23}},"loc":{"start":{"line":36,"column":34},"end":{"line":38,"column":2}},"line":36},"2":{"name":"(anonymous_2)","decl":{"start":{"line":43,"column":21},"end":{"line":43,"column":22}},"loc":{"start":{"line":44,"column":5},"end":{"line":46,"column":14}},"line":44},"3":{"name":"(anonymous_3)","decl":{"start":{"line":50,"column":22},"end":{"line":50,"column":23}},"loc":{"start":{"line":51,"column":5},"end":{"line":53,"column":14}},"line":51},"4":{"name":"(anonymous_4)","decl":{"start":{"line":58,"column":24},"end":{"line":58,"column":25}},"loc":{"start":{"line":59,"column":5},"end":{"line":61,"column":14}},"line":59}},"branchMap":{},"s":{"0":1,"1":0,"2":0,"3":0,"4":0,"5":0,"6":0,"7":0,"8":0,"9":0},"f":{"0":0,"1":0,"2":0,"3":0,"4":0},"b":{},"_coverageSchema":"1a1c01bbd47fc00a2c39e90264f33305004495a9","hash":"eea8407ff7b5bc4f0b4570e8e1ad9cd3d04a686a"}
,"/home/panda/swppfall2022-team18/Frontend/ooo/src/components/Header/Header.tsx": {"path":"/home/panda/swppfall2022-team18/Frontend/ooo/src/components/Header/Header.tsx","statementMap":{"0":{"start":{"line":10,"column":15},"end":{"line":24,"column":1}},"1":{"start":{"line":11,"column":4},"end":{"line":23,"column":5}}},"fnMap":{"0":{"name":"(anonymous_0)","decl":{"start":{"line":10,"column":15},"end":{"line":10,"column":16}},"loc":{"start":{"line":10,"column":34},"end":{"line":24,"column":1}},"line":10}},"branchMap":{},"s":{"0":2,"1":10},"f":{"0":10},"b":{},"_coverageSchema":"1a1c01bbd47fc00a2c39e90264f33305004495a9","hash":"fa8aa5550f9115b8cdccf193c2872e8bfc38555a"}
,"/home/panda/swppfall2022-team18/Frontend/ooo/src/components/OutfitPreview/OutfitPreview.tsx": {"path":"/home/panda/swppfall2022-team18/Frontend/ooo/src/components/OutfitPreview/OutfitPreview.tsx","statementMap":{"0":{"start":{"line":11,"column":22},"end":{"line":35,"column":1}},"1":{"start":{"line":14,"column":1},"end":{"line":34,"column":3}},"2":{"start":{"line":26,"column":5},"end":{"line":30,"column":7}}},"fnMap":{"0":{"name":"(anonymous_0)","decl":{"start":{"line":11,"column":22},"end":{"line":11,"column":23}},"loc":{"start":{"line":11,"column":41},"end":{"line":35,"column":1}},"line":11},"1":{"name":"(anonymous_1)","decl":{"start":{"line":25,"column":27},"end":{"line":25,"column":28}},"loc":{"start":{"line":25,"column":58},"end":{"line":31,"column":5}},"line":25}},"branchMap":{},"s":{"0":1,"1":0,"2":0},"f":{"0":0,"1":0},"b":{},"_coverageSchema":"1a1c01bbd47fc00a2c39e90264f33305004495a9","hash":"94878a0d41bbff3df01fb6f3647f823861f75d78"}
,"/home/panda/swppfall2022-team18/Frontend/ooo/src/components/SampleClothModal/SampleClothModal.tsx": {"path":"/home/panda/swppfall2022-team18/Frontend/ooo/src/components/SampleClothModal/SampleClothModal.tsx","statementMap":{"0":{"start":{"line":20,"column":25},"end":{"line":84,"column":1}},"1":{"start":{"line":21,"column":18},"end":{"line":21,"column":31}},"2":{"start":{"line":23,"column":35},"end":{"line":25,"column":2}},"3":{"start":{"line":24,"column":2},"end":{"line":24,"column":68}},"4":{"start":{"line":27,"column":1},"end":{"line":83,"column":2}},"5":{"start":{"line":28,"column":2},"end":{"line":56,"column":4}},"6":{"start":{"line":43,"column":22},"end":{"line":43,"column":49}},"7":{"start":{"line":58,"column":2},"end":{"line":82,"column":4}},"8":{"start":{"line":69,"column":22},"end":{"line":69,"column":49}}},"fnMap":{"0":{"name":"(anonymous_0)","decl":{"start":{"line":20,"column":25},"end":{"line":20,"column":26}},"loc":{"start":{"line":20,"column":44},"end":{"line":84,"column":1}},"line":20},"1":{"name":"(anonymous_1)","decl":{"start":{"line":23,"column":35},"end":{"line":23,"column":36}},"loc":{"start":{"line":23,"column":41},"end":{"line":25,"column":2}},"line":23},"2":{"name":"(anonymous_2)","decl":{"start":{"line":43,"column":16},"end":{"line":43,"column":17}},"loc":{"start":{"line":43,"column":22},"end":{"line":43,"column":49}},"line":43},"3":{"name":"(anonymous_3)","decl":{"start":{"line":69,"column":16},"end":{"line":69,"column":17}},"loc":{"start":{"line":69,"column":22},"end":{"line":69,"column":49}},"line":69}},"branchMap":{"0":{"loc":{"start":{"line":27,"column":1},"end":{"line":83,"column":2}},"type":"if","locations":[{"start":{"line":27,"column":1},"end":{"line":83,"column":2}},{"start":{"line":57,"column":8},"end":{"line":83,"column":2}}],"line":27}},"s":{"0":2,"1":4,"2":4,"3":0,"4":4,"5":2,"6":0,"7":2,"8":0},"f":{"0":4,"1":0,"2":0,"3":0},"b":{"0":[2,2]},"_coverageSchema":"1a1c01bbd47fc00a2c39e90264f33305004495a9","hash":"7a9cee3f1e00382affa8282689392dda7fa51dbd"}
,"/home/panda/swppfall2022-team18/Frontend/ooo/src/containers/Closet/Closet.tsx": {"path":"/home/panda/swppfall2022-team18/Frontend/ooo/src/containers/Closet/Closet.tsx","statementMap":{"0":{"start":{"line":37,"column":18},"end":{"line":37,"column":31}},"1":{"start":{"line":38,"column":19},"end":{"line":38,"column":24}},"2":{"start":{"line":40,"column":24},"end":{"line":40,"column":52}},"3":{"start":{"line":41,"column":18},"end":{"line":41,"column":44}},"4":{"start":{"line":43,"column":1},"end":{"line":45,"column":8}},"5":{"start":{"line":44,"column":2},"end":{"line":44,"column":31}},"6":{"start":{"line":47,"column":51},"end":{"line":47,"column":66}},"7":{"start":{"line":49,"column":35},"end":{"line":51,"column":2}},"8":{"start":{"line":50,"column":2},"end":{"line":50,"column":29}},"9":{"start":{"line":53,"column":29},"end":{"line":74,"column":2}},"10":{"start":{"line":75,"column":32},"end":{"line":106,"column":2}},"11":{"start":{"line":107,"column":31},"end":{"line":158,"column":2}},"12":{"start":{"line":160,"column":1},"end":{"line":255,"column":3}},"13":{"start":{"line":165,"column":6},"end":{"line":165,"column":20}},"14":{"start":{"line":168,"column":6},"end":{"line":168,"column":19}},"15":{"start":{"line":171,"column":6},"end":{"line":171,"column":24}},"16":{"start":{"line":185,"column":29},"end":{"line":185,"column":56}}},"fnMap":{"0":{"name":"Closet","decl":{"start":{"line":36,"column":24},"end":{"line":36,"column":30}},"loc":{"start":{"line":36,"column":46},"end":{"line":256,"column":1}},"line":36},"1":{"name":"(anonymous_1)","decl":{"start":{"line":43,"column":11},"end":{"line":43,"column":12}},"loc":{"start":{"line":43,"column":17},"end":{"line":45,"column":2}},"line":43},"2":{"name":"(anonymous_2)","decl":{"start":{"line":49,"column":35},"end":{"line":49,"column":36}},"loc":{"start":{"line":49,"column":41},"end":{"line":51,"column":2}},"line":49},"3":{"name":"(anonymous_3)","decl":{"start":{"line":164,"column":23},"end":{"line":164,"column":24}},"loc":{"start":{"line":164,"column":29},"end":{"line":166,"column":6}},"line":164},"4":{"name":"(anonymous_4)","decl":{"start":{"line":167,"column":25},"end":{"line":167,"column":26}},"loc":{"start":{"line":167,"column":31},"end":{"line":169,"column":6}},"line":167},"5":{"name":"(anonymous_5)","decl":{"start":{"line":170,"column":25},"end":{"line":170,"column":26}},"loc":{"start":{"line":170,"column":31},"end":{"line":172,"column":6}},"line":170},"6":{"name":"(anonymous_6)","decl":{"start":{"line":185,"column":23},"end":{"line":185,"column":24}},"loc":{"start":{"line":185,"column":29},"end":{"line":185,"column":56}},"line":185}},"branchMap":{},"s":{"0":0,"1":0,"2":0,"3":0,"4":0,"5":0,"6":0,"7":0,"8":0,"9":0,"10":0,"11":0,"12":0,"13":0,"14":0,"15":0,"16":0},"f":{"0":0,"1":0,"2":0,"3":0,"4":0,"5":0,"6":0},"b":{},"_coverageSchema":"1a1c01bbd47fc00a2c39e90264f33305004495a9","hash":"ae2b684fe0c8dae944a8bb0d7f56cf8ae5315f96"}
,"/home/panda/swppfall2022-team18/Frontend/ooo/src/containers/Home/Home.tsx": {"path":"/home/panda/swppfall2022-team18/Frontend/ooo/src/containers/Home/Home.tsx","statementMap":{"0":{"start":{"line":12,"column":18},"end":{"line":12,"column":31}},"1":{"start":{"line":16,"column":31},"end":{"line":16,"column":46}},"2":{"start":{"line":18,"column":20},"end":{"line":31,"column":2}},"3":{"start":{"line":32,"column":24},"end":{"line":99,"column":2}},"4":{"start":{"line":100,"column":23},"end":{"line":121,"column":2}},"5":{"start":{"line":122,"column":29},"end":{"line":143,"column":2}},"6":{"start":{"line":144,"column":32},"end":{"line":175,"column":2}},"7":{"start":{"line":176,"column":31},"end":{"line":227,"column":2}},"8":{"start":{"line":228,"column":24},"end":{"line":347,"column":2}},"9":{"start":{"line":357,"column":33},"end":{"line":359,"column":2}},"10":{"start":{"line":358,"column":2},"end":{"line":358,"column":25}},"11":{"start":{"line":361,"column":1},"end":{"line":526,"column":2}},"12":{"start":{"line":362,"column":2},"end":{"line":362,"column":30}},"13":{"start":{"line":364,"column":2},"end":{"line":525,"column":4}},"14":{"start":{"line":369,"column":7},"end":{"line":369,"column":21}},"15":{"start":{"line":372,"column":7},"end":{"line":372,"column":20}},"16":{"start":{"line":375,"column":7},"end":{"line":375,"column":25}},"17":{"start":{"line":392,"column":11},"end":{"line":394,"column":13}},"18":{"start":{"line":403,"column":11},"end":{"line":403,"column":68}},"19":{"start":{"line":412,"column":11},"end":{"line":414,"column":13}},"20":{"start":{"line":441,"column":9},"end":{"line":441,"column":29}},"21":{"start":{"line":472,"column":9},"end":{"line":472,"column":29}},"22":{"start":{"line":485,"column":11},"end":{"line":485,"column":41}},"23":{"start":{"line":487,"column":35},"end":{"line":487,"column":60}},"24":{"start":{"line":493,"column":11},"end":{"line":493,"column":41}},"25":{"start":{"line":500,"column":11},"end":{"line":500,"column":41}}},"fnMap":{"0":{"name":"Home","decl":{"start":{"line":11,"column":24},"end":{"line":11,"column":28}},"loc":{"start":{"line":11,"column":31},"end":{"line":527,"column":1}},"line":11},"1":{"name":"(anonymous_1)","decl":{"start":{"line":357,"column":33},"end":{"line":357,"column":34}},"loc":{"start":{"line":357,"column":39},"end":{"line":359,"column":2}},"line":357},"2":{"name":"(anonymous_2)","decl":{"start":{"line":368,"column":24},"end":{"line":368,"column":25}},"loc":{"start":{"line":368,"column":30},"end":{"line":370,"column":7}},"line":368},"3":{"name":"(anonymous_3)","decl":{"start":{"line":371,"column":26},"end":{"line":371,"column":27}},"loc":{"start":{"line":371,"column":32},"end":{"line":373,"column":7}},"line":371},"4":{"name":"(anonymous_4)","decl":{"start":{"line":374,"column":26},"end":{"line":374,"column":27}},"loc":{"start":{"line":374,"column":32},"end":{"line":376,"column":7}},"line":374},"5":{"name":"(anonymous_5)","decl":{"start":{"line":391,"column":40},"end":{"line":391,"column":41}},"loc":{"start":{"line":391,"column":46},"end":{"line":395,"column":11}},"line":391},"6":{"name":"(anonymous_6)","decl":{"start":{"line":402,"column":40},"end":{"line":402,"column":41}},"loc":{"start":{"line":402,"column":46},"end":{"line":404,"column":11}},"line":402},"7":{"name":"(anonymous_7)","decl":{"start":{"line":411,"column":40},"end":{"line":411,"column":41}},"loc":{"start":{"line":411,"column":46},"end":{"line":415,"column":11}},"line":411},"8":{"name":"(anonymous_8)","decl":{"start":{"line":440,"column":17},"end":{"line":440,"column":18}},"loc":{"start":{"line":440,"column":23},"end":{"line":442,"column":9}},"line":440},"9":{"name":"(anonymous_9)","decl":{"start":{"line":471,"column":17},"end":{"line":471,"column":18}},"loc":{"start":{"line":471,"column":23},"end":{"line":473,"column":9}},"line":471},"10":{"name":"(anonymous_10)","decl":{"start":{"line":484,"column":45},"end":{"line":484,"column":46}},"loc":{"start":{"line":484,"column":59},"end":{"line":486,"column":11}},"line":484},"11":{"name":"(anonymous_11)","decl":{"start":{"line":487,"column":29},"end":{"line":487,"column":30}},"loc":{"start":{"line":487,"column":35},"end":{"line":487,"column":60}},"line":487},"12":{"name":"(anonymous_12)","decl":{"start":{"line":492,"column":45},"end":{"line":492,"column":46}},"loc":{"start":{"line":492,"column":59},"end":{"line":494,"column":11}},"line":492},"13":{"name":"(anonymous_13)","decl":{"start":{"line":499,"column":45},"end":{"line":499,"column":46}},"loc":{"start":{"line":499,"column":59},"end":{"line":501,"column":11}},"line":499}},"branchMap":{"0":{"loc":{"start":{"line":361,"column":1},"end":{"line":526,"column":2}},"type":"if","locations":[{"start":{"line":361,"column":1},"end":{"line":526,"column":2}},{"start":{"line":363,"column":8},"end":{"line":526,"column":2}}],"line":361},"1":{"loc":{"start":{"line":384,"column":8},"end":{"line":435,"column":8}},"type":"cond-expr","locations":[{"start":{"line":385,"column":8},"end":{"line":417,"column":14}},{"start":{"line":419,"column":8},"end":{"line":434,"column":14}}],"line":384},"2":{"loc":{"start":{"line":479,"column":8},"end":{"line":520,"column":8}},"type":"cond-expr","locations":[{"start":{"line":480,"column":8},"end":{"line":503,"column":14}},{"start":{"line":505,"column":8},"end":{"line":519,"column":14}}],"line":479}},"s":{"0":0,"1":0,"2":0,"3":0,"4":0,"5":0,"6":0,"7":0,"8":0,"9":0,"10":0,"11":0,"12":0,"13":0,"14":0,"15":0,"16":0,"17":0,"18":0,"19":0,"20":0,"21":0,"22":0,"23":0,"24":0,"25":0},"f":{"0":0,"1":0,"2":0,"3":0,"4":0,"5":0,"6":0,"7":0,"8":0,"9":0,"10":0,"11":0,"12":0,"13":0},"b":{"0":[0,0],"1":[0,0],"2":[0,0]},"_coverageSchema":"1a1c01bbd47fc00a2c39e90264f33305004495a9","hash":"425f83ec9db49ffbc3889970a3ec2f71c0639d9a"}
,"/home/panda/swppfall2022-team18/Frontend/ooo/src/containers/Login/Login.test copy.tsx": {"path":"/home/panda/swppfall2022-team18/Frontend/ooo/src/containers/Login/Login.test copy.tsx","statementMap":{"0":{"start":{"line":9,"column":21},"end":{"line":9,"column":30}},"1":{"start":{"line":10,"column":0},"end":{"line":13,"column":3}},"2":{"start":{"line":10,"column":33},"end":{"line":13,"column":1}},"3":{"start":{"line":12,"column":21},"end":{"line":12,"column":33}},"4":{"start":{"line":16,"column":0},"end":{"line":49,"column":3}},"5":{"start":{"line":17,"column":1},"end":{"line":19,"column":4}},"6":{"start":{"line":18,"column":2},"end":{"line":18,"column":26}},"7":{"start":{"line":20,"column":1},"end":{"line":35,"column":4}},"8":{"start":{"line":21,"column":2},"end":{"line":23,"column":5}},"9":{"start":{"line":25,"column":2},"end":{"line":25,"column":26}},"10":{"start":{"line":26,"column":24},"end":{"line":26,"column":60}},"11":{"start":{"line":27,"column":18},"end":{"line":27,"column":48}},"12":{"start":{"line":28,"column":21},"end":{"line":28,"column":60}},"13":{"start":{"line":29,"column":2},"end":{"line":29,"column":65}},"14":{"start":{"line":30,"column":2},"end":{"line":30,"column":65}},"15":{"start":{"line":31,"column":2},"end":{"line":31,"column":42}},"16":{"start":{"line":32,"column":2},"end":{"line":32,"column":48}},"17":{"start":{"line":33,"column":2},"end":{"line":33,"column":30}},"18":{"start":{"line":34,"column":2},"end":{"line":34,"column":62}},"19":{"start":{"line":34,"column":22},"end":{"line":34,"column":61}},"20":{"start":{"line":37,"column":1},"end":{"line":42,"column":3}},"21":{"start":{"line":38,"column":2},"end":{"line":38,"column":26}},"22":{"start":{"line":39,"column":21},"end":{"line":39,"column":60}},"23":{"start":{"line":40,"column":2},"end":{"line":40,"column":30}},"24":{"start":{"line":41,"column":2},"end":{"line":41,"column":35}},"25":{"start":{"line":44,"column":1},"end":{"line":48,"column":3}},"26":{"start":{"line":45,"column":2},"end":{"line":45,"column":41}},"27":{"start":{"line":46,"column":2},"end":{"line":46,"column":71}},"28":{"start":{"line":47,"column":2},"end":{"line":47,"column":62}},"29":{"start":{"line":47,"column":22},"end":{"line":47,"column":61}}},"fnMap":{"0":{"name":"(anonymous_0)","decl":{"start":{"line":10,"column":26},"end":{"line":10,"column":27}},"loc":{"start":{"line":10,"column":33},"end":{"line":13,"column":1}},"line":10},"1":{"name":"(anonymous_1)","decl":{"start":{"line":12,"column":15},"end":{"line":12,"column":16}},"loc":{"start":{"line":12,"column":21},"end":{"line":12,"column":33}},"line":12},"2":{"name":"(anonymous_2)","decl":{"start":{"line":16,"column":21},"end":{"line":16,"column":22}},"loc":{"start":{"line":16,"column":27},"end":{"line":49,"column":1}},"line":16},"3":{"name":"(anonymous_3)","decl":{"start":{"line":17,"column":36},"end":{"line":17,"column":37}},"loc":{"start":{"line":17,"column":42},"end":{"line":19,"column":2}},"line":17},"4":{"name":"(anonymous_4)","decl":{"start":{"line":20,"column":38},"end":{"line":20,"column":39}},"loc":{"start":{"line":20,"column":50},"end":{"line":35,"column":2}},"line":20},"5":{"name":"(anonymous_5)","decl":{"start":{"line":34,"column":16},"end":{"line":34,"column":17}},"loc":{"start":{"line":34,"column":22},"end":{"line":34,"column":61}},"line":34},"6":{"name":"(anonymous_6)","decl":{"start":{"line":37,"column":48},"end":{"line":37,"column":49}},"loc":{"start":{"line":37,"column":60},"end":{"line":42,"column":2}},"line":37},"7":{"name":"(anonymous_7)","decl":{"start":{"line":44,"column":30},"end":{"line":44,"column":31}},"loc":{"start":{"line":44,"column":42},"end":{"line":48,"column":2}},"line":44},"8":{"name":"(anonymous_8)","decl":{"start":{"line":47,"column":16},"end":{"line":47,"column":17}},"loc":{"start":{"line":47,"column":22},"end":{"line":47,"column":61}},"line":47}},"branchMap":{},"s":{"0":0,"1":0,"2":0,"3":0,"4":0,"5":0,"6":0,"7":0,"8":0,"9":0,"10":0,"11":0,"12":0,"13":0,"14":0,"15":0,"16":0,"17":0,"18":0,"19":0,"20":0,"21":0,"22":0,"23":0,"24":0,"25":0,"26":0,"27":0,"28":0,"29":0},"f":{"0":0,"1":0,"2":0,"3":0,"4":0,"5":0,"6":0,"7":0,"8":0},"b":{}}
,"/home/panda/swppfall2022-team18/Frontend/ooo/src/containers/Login/Login.tsx": {"path":"/home/panda/swppfall2022-team18/Frontend/ooo/src/containers/Login/Login.tsx","statementMap":{"0":{"start":{"line":8,"column":33},"end":{"line":8,"column":45}},"1":{"start":{"line":9,"column":33},"end":{"line":9,"column":45}},"2":{"start":{"line":10,"column":27},"end":{"line":10,"column":42}},"3":{"start":{"line":11,"column":37},"end":{"line":11,"column":52}},"4":{"start":{"line":13,"column":18},"end":{"line":13,"column":31}},"5":{"start":{"line":15,"column":23},"end":{"line":23,"column":2}},"6":{"start":{"line":16,"column":2},"end":{"line":16,"column":45}},"7":{"start":{"line":17,"column":2},"end":{"line":21,"column":4}},"8":{"start":{"line":25,"column":1},"end":{"line":32,"column":8}},"9":{"start":{"line":26,"column":19},"end":{"line":30,"column":3}},"10":{"start":{"line":27,"column":3},"end":{"line":29,"column":4}},"11":{"start":{"line":28,"column":4},"end":{"line":28,"column":22}},"12":{"start":{"line":31,"column":2},"end":{"line":31,"column":13}},"13":{"start":{"line":34,"column":26},"end":{"line":41,"column":2}},"14":{"start":{"line":35,"column":2},"end":{"line":35,"column":39}},"15":{"start":{"line":36,"column":2},"end":{"line":40,"column":3}},"16":{"start":{"line":37,"column":3},"end":{"line":37,"column":18}},"17":{"start":{"line":39,"column":3},"end":{"line":39,"column":23}},"18":{"start":{"line":43,"column":1},"end":{"line":104,"column":2}},"19":{"start":{"line":44,"column":2},"end":{"line":44,"column":33}},"20":{"start":{"line":46,"column":2},"end":{"line":103,"column":4}},"21":{"start":{"line":65,"column":29},"end":{"line":65,"column":60}},"22":{"start":{"line":74,"column":29},"end":{"line":74,"column":60}},"23":{"start":{"line":88,"column":23},"end":{"line":88,"column":41}}},"fnMap":{"0":{"name":"Login","decl":{"start":{"line":7,"column":24},"end":{"line":7,"column":29}},"loc":{"start":{"line":7,"column":32},"end":{"line":105,"column":1}},"line":7},"1":{"name":"(anonymous_1)","decl":{"start":{"line":15,"column":23},"end":{"line":15,"column":24}},"loc":{"start":{"line":15,"column":29},"end":{"line":23,"column":2}},"line":15},"2":{"name":"(anonymous_2)","decl":{"start":{"line":25,"column":11},"end":{"line":25,"column":12}},"loc":{"start":{"line":25,"column":17},"end":{"line":32,"column":2}},"line":25},"3":{"name":"(anonymous_3)","decl":{"start":{"line":26,"column":19},"end":{"line":26,"column":20}},"loc":{"start":{"line":26,"column":25},"end":{"line":30,"column":3}},"line":26},"4":{"name":"(anonymous_4)","decl":{"start":{"line":34,"column":26},"end":{"line":34,"column":27}},"loc":{"start":{"line":34,"column":38},"end":{"line":41,"column":2}},"line":34},"5":{"name":"(anonymous_5)","decl":{"start":{"line":65,"column":18},"end":{"line":65,"column":19}},"loc":{"start":{"line":65,"column":29},"end":{"line":65,"column":60}},"line":65},"6":{"name":"(anonymous_6)","decl":{"start":{"line":74,"column":18},"end":{"line":74,"column":19}},"loc":{"start":{"line":74,"column":29},"end":{"line":74,"column":60}},"line":74},"7":{"name":"(anonymous_7)","decl":{"start":{"line":88,"column":17},"end":{"line":88,"column":18}},"loc":{"start":{"line":88,"column":23},"end":{"line":88,"column":41}},"line":88}},"branchMap":{"0":{"loc":{"start":{"line":18,"column":3},"end":{"line":20,"column":48}},"type":"binary-expr","locations":[{"start":{"line":18,"column":3},"end":{"line":18,"column":44}},{"start":{"line":19,"column":4},"end":{"line":19,"column":42}},{"start":{"line":20,"column":4},"end":{"line":20,"column":47}}],"line":18},"1":{"loc":{"start":{"line":27,"column":3},"end":{"line":29,"column":4}},"type":"if","locations":[{"start":{"line":27,"column":3},"end":{"line":29,"column":4}},{"start":{},"end":{}}],"line":27},"2":{"loc":{"start":{"line":36,"column":2},"end":{"line":40,"column":3}},"type":"if","locations":[{"start":{"line":36,"column":2},"end":{"line":40,"column":3}},{"start":{"line":38,"column":9},"end":{"line":40,"column":3}}],"line":36},"3":{"loc":{"start":{"line":43,"column":1},"end":{"line":104,"column":2}},"type":"if","locations":[{"start":{"line":43,"column":1},"end":{"line":104,"column":2}},{"start":{"line":45,"column":8},"end":{"line":104,"column":2}}],"line":43},"4":{"loc":{"start":{"line":78,"column":8},"end":{"line":82,"column":8}},"type":"cond-expr","locations":[{"start":{"line":79,"column":8},"end":{"line":79,"column":19}},{"start":{"line":81,"column":8},"end":{"line":81,"column":82}}],"line":78}},"s":{"0":10,"1":8,"2":8,"3":8,"4":8,"5":8,"6":5,"7":5,"8":8,"9":4,"10":4,"11":1,"12":4,"13":8,"14":2,"15":1,"16":1,"17":0,"18":8,"19":2,"20":6,"21":1,"22":1,"23":2},"f":{"0":10,"1":5,"2":4,"3":4,"4":2,"5":1,"6":1,"7":2},"b":{"0":[5,2,2],"1":[1,3],"2":[1,0],"3":[2,6],"4":[6,0]},"_coverageSchema":"1a1c01bbd47fc00a2c39e90264f33305004495a9","hash":"8f256bcc8b53c3b803a8846f547f0c7846b1c049"}
,"/home/panda/swppfall2022-team18/Frontend/ooo/src/containers/Outfit/Outfit.tsx": {"path":"/home/panda/swppfall2022-team18/Frontend/ooo/src/containers/Outfit/Outfit.tsx","statementMap":{"0":{"start":{"line":12,"column":33},"end":{"line":12,"column":48}},"1":{"start":{"line":13,"column":35},"end":{"line":13,"column":50}},"2":{"start":{"line":14,"column":39},"end":{"line":14,"column":54}},"3":{"start":{"line":15,"column":35},"end":{"line":15,"column":50}},"4":{"start":{"line":16,"column":17},"end":{"line":136,"column":2}},"5":{"start":{"line":138,"column":18},"end":{"line":138,"column":31}},"6":{"start":{"line":149,"column":30},"end":{"line":155,"column":2}},"7":{"start":{"line":150,"column":2},"end":{"line":154,"column":3}},"8":{"start":{"line":150,"column":24},"end":{"line":150,"column":43}},"9":{"start":{"line":152,"column":3},"end":{"line":152,"column":23}},"10":{"start":{"line":153,"column":3},"end":{"line":153,"column":21}},"11":{"start":{"line":157,"column":31},"end":{"line":163,"column":2}},"12":{"start":{"line":158,"column":2},"end":{"line":162,"column":3}},"13":{"start":{"line":158,"column":25},"end":{"line":158,"column":45}},"14":{"start":{"line":160,"column":3},"end":{"line":160,"column":22}},"15":{"start":{"line":161,"column":3},"end":{"line":161,"column":22}},"16":{"start":{"line":165,"column":28},"end":{"line":167,"column":2}},"17":{"start":{"line":166,"column":2},"end":{"line":166,"column":21}},"18":{"start":{"line":169,"column":26},"end":{"line":171,"column":2}},"19":{"start":{"line":170,"column":2},"end":{"line":170,"column":21}},"20":{"start":{"line":173,"column":27},"end":{"line":177,"column":2}},"21":{"start":{"line":174,"column":2},"end":{"line":174,"column":22}},"22":{"start":{"line":175,"column":2},"end":{"line":175,"column":21}},"23":{"start":{"line":176,"column":2},"end":{"line":176,"column":24}},"24":{"start":{"line":179,"column":33},"end":{"line":181,"column":2}},"25":{"start":{"line":180,"column":2},"end":{"line":180,"column":17}},"26":{"start":{"line":183,"column":1},"end":{"line":244,"column":3}},"27":{"start":{"line":187,"column":5},"end":{"line":187,"column":19}},"28":{"start":{"line":190,"column":5},"end":{"line":190,"column":18}},"29":{"start":{"line":193,"column":5},"end":{"line":193,"column":23}},"30":{"start":{"line":201,"column":21},"end":{"line":201,"column":43}},"31":{"start":{"line":207,"column":21},"end":{"line":207,"column":44}},"32":{"start":{"line":213,"column":21},"end":{"line":213,"column":41}},"33":{"start":{"line":217,"column":53},"end":{"line":217,"column":72}},"34":{"start":{"line":221,"column":72},"end":{"line":221,"column":91}},"35":{"start":{"line":226,"column":6},"end":{"line":239,"column":8}},"36":{"start":{"line":232,"column":25},"end":{"line":232,"column":50}}},"fnMap":{"0":{"name":"Outfit","decl":{"start":{"line":11,"column":24},"end":{"line":11,"column":30}},"loc":{"start":{"line":11,"column":33},"end":{"line":245,"column":1}},"line":11},"1":{"name":"(anonymous_1)","decl":{"start":{"line":149,"column":30},"end":{"line":149,"column":31}},"loc":{"start":{"line":149,"column":36},"end":{"line":155,"column":2}},"line":149},"2":{"name":"(anonymous_2)","decl":{"start":{"line":157,"column":31},"end":{"line":157,"column":32}},"loc":{"start":{"line":157,"column":37},"end":{"line":163,"column":2}},"line":157},"3":{"name":"(anonymous_3)","decl":{"start":{"line":165,"column":28},"end":{"line":165,"column":29}},"loc":{"start":{"line":165,"column":34},"end":{"line":167,"column":2}},"line":165},"4":{"name":"(anonymous_4)","decl":{"start":{"line":169,"column":26},"end":{"line":169,"column":27}},"loc":{"start":{"line":169,"column":32},"end":{"line":171,"column":2}},"line":169},"5":{"name":"(anonymous_5)","decl":{"start":{"line":173,"column":27},"end":{"line":173,"column":28}},"loc":{"start":{"line":173,"column":33},"end":{"line":177,"column":2}},"line":173},"6":{"name":"(anonymous_6)","decl":{"start":{"line":179,"column":33},"end":{"line":179,"column":34}},"loc":{"start":{"line":179,"column":39},"end":{"line":181,"column":2}},"line":179},"7":{"name":"(anonymous_7)","decl":{"start":{"line":186,"column":22},"end":{"line":186,"column":23}},"loc":{"start":{"line":186,"column":28},"end":{"line":188,"column":5}},"line":186},"8":{"name":"(anonymous_8)","decl":{"start":{"line":189,"column":24},"end":{"line":189,"column":25}},"loc":{"start":{"line":189,"column":30},"end":{"line":191,"column":5}},"line":189},"9":{"name":"(anonymous_9)","decl":{"start":{"line":192,"column":24},"end":{"line":192,"column":25}},"loc":{"start":{"line":192,"column":30},"end":{"line":194,"column":5}},"line":192},"10":{"name":"(anonymous_10)","decl":{"start":{"line":201,"column":15},"end":{"line":201,"column":16}},"loc":{"start":{"line":201,"column":21},"end":{"line":201,"column":43}},"line":201},"11":{"name":"(anonymous_11)","decl":{"start":{"line":207,"column":15},"end":{"line":207,"column":16}},"loc":{"start":{"line":207,"column":21},"end":{"line":207,"column":44}},"line":207},"12":{"name":"(anonymous_12)","decl":{"start":{"line":213,"column":15},"end":{"line":213,"column":16}},"loc":{"start":{"line":213,"column":21},"end":{"line":213,"column":41}},"line":213},"13":{"name":"(anonymous_13)","decl":{"start":{"line":217,"column":47},"end":{"line":217,"column":48}},"loc":{"start":{"line":217,"column":53},"end":{"line":217,"column":72}},"line":217},"14":{"name":"(anonymous_14)","decl":{"start":{"line":221,"column":66},"end":{"line":221,"column":67}},"loc":{"start":{"line":221,"column":72},"end":{"line":221,"column":91}},"line":221},"15":{"name":"(anonymous_15)","decl":{"start":{"line":225,"column":18},"end":{"line":225,"column":19}},"loc":{"start":{"line":225,"column":30},"end":{"line":240,"column":6}},"line":225},"16":{"name":"(anonymous_16)","decl":{"start":{"line":232,"column":19},"end":{"line":232,"column":20}},"loc":{"start":{"line":232,"column":25},"end":{"line":232,"column":50}},"line":232}},"branchMap":{"0":{"loc":{"start":{"line":150,"column":2},"end":{"line":154,"column":3}},"type":"if","locations":[{"start":{"line":150,"column":2},"end":{"line":154,"column":3}},{"start":{"line":151,"column":7},"end":{"line":154,"column":3}}],"line":150},"1":{"loc":{"start":{"line":158,"column":2},"end":{"line":162,"column":3}},"type":"if","locations":[{"start":{"line":158,"column":2},"end":{"line":162,"column":3}},{"start":{"line":159,"column":7},"end":{"line":162,"column":3}}],"line":158},"2":{"loc":{"start":{"line":200,"column":10},"end":{"line":200,"column":61}},"type":"cond-expr","locations":[{"start":{"line":200,"column":21},"end":{"line":200,"column":41}},{"start":{"line":200,"column":44},"end":{"line":200,"column":61}}],"line":200},"3":{"loc":{"start":{"line":206,"column":10},"end":{"line":206,"column":64}},"type":"cond-expr","locations":[{"start":{"line":206,"column":22},"end":{"line":206,"column":43}},{"start":{"line":206,"column":46},"end":{"line":206,"column":64}}],"line":206},"4":{"loc":{"start":{"line":212,"column":10},"end":{"line":212,"column":60}},"type":"cond-expr","locations":[{"start":{"line":212,"column":24},"end":{"line":212,"column":42}},{"start":{"line":212,"column":45},"end":{"line":212,"column":60}}],"line":212}},"s":{"0":0,"1":0,"2":0,"3":0,"4":0,"5":0,"6":0,"7":0,"8":0,"9":0,"10":0,"11":0,"12":0,"13":0,"14":0,"15":0,"16":0,"17":0,"18":0,"19":0,"20":0,"21":0,"22":0,"23":0,"24":0,"25":0,"26":0,"27":0,"28":0,"29":0,"30":0,"31":0,"32":0,"33":0,"34":0,"35":0,"36":0},"f":{"0":0,"1":0,"2":0,"3":0,"4":0,"5":0,"6":0,"7":0,"8":0,"9":0,"10":0,"11":0,"12":0,"13":0,"14":0,"15":0,"16":0},"b":{"0":[0,0],"1":[0,0],"2":[0,0],"3":[0,0],"4":[0,0]},"_coverageSchema":"1a1c01bbd47fc00a2c39e90264f33305004495a9","hash":"878efca81f29050a705b01ec62fcb5b22792f627"}
,"/home/panda/swppfall2022-team18/Frontend/ooo/src/containers/OutfitDetail/OutfitDetail.tsx": {"path":"/home/panda/swppfall2022-team18/Frontend/ooo/src/containers/OutfitDetail/OutfitDetail.tsx","statementMap":{"0":{"start":{"line":16,"column":21},"end":{"line":174,"column":1}},"1":{"start":{"line":20,"column":18},"end":{"line":20,"column":31}},"2":{"start":{"line":21,"column":35},"end":{"line":21,"column":50}},"3":{"start":{"line":22,"column":43},"end":{"line":22,"column":54}},"4":{"start":{"line":23,"column":33},"end":{"line":23,"column":48}},"5":{"start":{"line":30,"column":24},"end":{"line":43,"column":2}},"6":{"start":{"line":45,"column":23},"end":{"line":66,"column":2}},"7":{"start":{"line":68,"column":21},"end":{"line":74,"column":2}},"8":{"start":{"line":76,"column":35},"end":{"line":78,"column":2}},"9":{"start":{"line":77,"column":2},"end":{"line":77,"column":59}},"10":{"start":{"line":80,"column":27},"end":{"line":91,"column":2}},"11":{"start":{"line":82,"column":2},"end":{"line":82,"column":21}},"12":{"start":{"line":83,"column":2},"end":{"line":89,"column":3}},"13":{"start":{"line":84,"column":3},"end":{"line":84,"column":23}},"14":{"start":{"line":85,"column":3},"end":{"line":85,"column":21}},"15":{"start":{"line":87,"column":3},"end":{"line":87,"column":23}},"16":{"start":{"line":88,"column":3},"end":{"line":88,"column":22}},"17":{"start":{"line":90,"column":2},"end":{"line":90,"column":29}},"18":{"start":{"line":93,"column":1},"end":{"line":173,"column":4}},"19":{"start":{"line":94,"column":2},"end":{"line":94,"column":29}},"20":{"start":{"line":96,"column":2},"end":{"line":173,"column":4}},"21":{"start":{"line":101,"column":7},"end":{"line":101,"column":21}},"22":{"start":{"line":104,"column":7},"end":{"line":104,"column":20}},"23":{"start":{"line":107,"column":7},"end":{"line":107,"column":25}},"24":{"start":{"line":120,"column":8},"end":{"line":120,"column":59}},"25":{"start":{"line":130,"column":8},"end":{"line":139,"column":10}},"26":{"start":{"line":136,"column":26},"end":{"line":136,"column":57}},"27":{"start":{"line":162,"column":8},"end":{"line":162,"column":28}},"28":{"start":{"line":163,"column":8},"end":{"line":163,"column":28}},"29":{"start":{"line":164,"column":8},"end":{"line":164,"column":27}}},"fnMap":{"0":{"name":"(anonymous_0)","decl":{"start":{"line":16,"column":21},"end":{"line":16,"column":22}},"loc":{"start":{"line":16,"column":27},"end":{"line":174,"column":1}},"line":16},"1":{"name":"(anonymous_1)","decl":{"start":{"line":76,"column":35},"end":{"line":76,"column":36}},"loc":{"start":{"line":76,"column":62},"end":{"line":78,"column":2}},"line":76},"2":{"name":"(anonymous_2)","decl":{"start":{"line":80,"column":27},"end":{"line":80,"column":28}},"loc":{"start":{"line":80,"column":43},"end":{"line":91,"column":2}},"line":80},"3":{"name":"(anonymous_3)","decl":{"start":{"line":100,"column":24},"end":{"line":100,"column":25}},"loc":{"start":{"line":100,"column":30},"end":{"line":102,"column":7}},"line":100},"4":{"name":"(anonymous_4)","decl":{"start":{"line":103,"column":26},"end":{"line":103,"column":27}},"loc":{"start":{"line":103,"column":32},"end":{"line":105,"column":7}},"line":103},"5":{"name":"(anonymous_5)","decl":{"start":{"line":106,"column":26},"end":{"line":106,"column":27}},"loc":{"start":{"line":106,"column":32},"end":{"line":108,"column":7}},"line":106},"6":{"name":"(anonymous_6)","decl":{"start":{"line":119,"column":16},"end":{"line":119,"column":17}},"loc":{"start":{"line":120,"column":8},"end":{"line":120,"column":59}},"line":120},"7":{"name":"(anonymous_7)","decl":{"start":{"line":129,"column":26},"end":{"line":129,"column":27}},"loc":{"start":{"line":129,"column":34},"end":{"line":140,"column":8}},"line":129},"8":{"name":"(anonymous_8)","decl":{"start":{"line":136,"column":20},"end":{"line":136,"column":21}},"loc":{"start":{"line":136,"column":26},"end":{"line":136,"column":57}},"line":136},"9":{"name":"(anonymous_9)","decl":{"start":{"line":161,"column":16},"end":{"line":161,"column":17}},"loc":{"start":{"line":161,"column":22},"end":{"line":165,"column":8}},"line":161}},"branchMap":{"0":{"loc":{"start":{"line":83,"column":2},"end":{"line":89,"column":3}},"type":"if","locations":[{"start":{"line":83,"column":2},"end":{"line":89,"column":3}},{"start":{"line":86,"column":9},"end":{"line":89,"column":3}}],"line":83},"1":{"loc":{"start":{"line":93,"column":1},"end":{"line":173,"column":4}},"type":"if","locations":[{"start":{"line":93,"column":1},"end":{"line":173,"column":4}},{"start":{"line":96,"column":2},"end":{"line":173,"column":4}}],"line":93}},"s":{"0":2,"1":10,"2":10,"3":9,"4":9,"5":9,"6":9,"7":9,"8":9,"9":1,"10":9,"11":3,"12":3,"13":2,"14":2,"15":1,"16":1,"17":3,"18":9,"19":0,"20":9,"21":0,"22":0,"23":0,"24":1,"25":18,"26":3,"27":1,"28":1,"29":1},"f":{"0":10,"1":1,"2":3,"3":0,"4":0,"5":0,"6":1,"7":18,"8":3,"9":1},"b":{"0":[2,1],"1":[0,9]},"_coverageSchema":"1a1c01bbd47fc00a2c39e90264f33305004495a9","hash":"05cfb79aa512951b149ab639021b69fdd5e8e199"}
,"/home/panda/swppfall2022-team18/Frontend/ooo/src/containers/Redirect/Redirect.tsx": {"path":"/home/panda/swppfall2022-team18/Frontend/ooo/src/containers/Redirect/Redirect.tsx","statementMap":{"0":{"start":{"line":3,"column":17},"end":{"line":9,"column":1}},"1":{"start":{"line":4,"column":18},"end":{"line":4,"column":31}},"2":{"start":{"line":5,"column":17},"end":{"line":5,"column":50}},"3":{"start":{"line":6,"column":1},"end":{"line":6,"column":37}},"4":{"start":{"line":6,"column":10},"end":{"line":6,"column":37}},"5":{"start":{"line":8,"column":1},"end":{"line":8,"column":13}}},"fnMap":{"0":{"name":"(anonymous_0)","decl":{"start":{"line":3,"column":17},"end":{"line":3,"column":18}},"loc":{"start":{"line":3,"column":23},"end":{"line":9,"column":1}},"line":3}},"branchMap":{"0":{"loc":{"start":{"line":6,"column":1},"end":{"line":6,"column":37}},"type":"if","locations":[{"start":{"line":6,"column":1},"end":{"line":6,"column":37}},{"start":{},"end":{}}],"line":6}},"s":{"0":1,"1":0,"2":0,"3":0,"4":0,"5":0},"f":{"0":0},"b":{"0":[0,0]},"_coverageSchema":"1a1c01bbd47fc00a2c39e90264f33305004495a9","hash":"2eda9870164a0e7d5d935e8e803004e28a174ca3"}
,"/home/panda/swppfall2022-team18/Frontend/ooo/src/store/index.ts": {"path":"/home/panda/swppfall2022-team18/Frontend/ooo/src/store/index.ts","statementMap":{"0":{"start":{"line":5,"column":21},"end":{"line":10,"column":2}}},"fnMap":{},"branchMap":{},"s":{"0":0},"f":{},"b":{}}
,"/home/panda/swppfall2022-team18/Frontend/ooo/src/store/slices/outfit.ts": {"path":"/home/panda/swppfall2022-team18/Frontend/ooo/src/store/slices/outfit.ts","statementMap":{"0":{"start":{"line":52,"column":34},"end":{"line":64,"column":1}},"1":{"start":{"line":66,"column":16},"end":{"line":68,"column":1}},"2":{"start":{"line":70,"column":28},"end":{"line":78,"column":1}},"3":{"start":{"line":73,"column":19},"end":{"line":75,"column":4}},"4":{"start":{"line":76,"column":2},"end":{"line":76,"column":23}},"5":{"start":{"line":80,"column":36},"end":{"line":88,"column":1}},"6":{"start":{"line":83,"column":19},"end":{"line":85,"column":4}},"7":{"start":{"line":86,"column":2},"end":{"line":86,"column":23}},"8":{"start":{"line":90,"column":27},"end":{"line":100,"column":1}},"9":{"start":{"line":93,"column":2},"end":{"line":93,"column":29}},"10":{"start":{"line":94,"column":19},"end":{"line":96,"column":4}},"11":{"start":{"line":97,"column":2},"end":{"line":97,"column":44}},"12":{"start":{"line":98,"column":2},"end":{"line":98,"column":31}},"13":{"start":{"line":102,"column":32},"end":{"line":110,"column":1}},"14":{"start":{"line":105,"column":19},"end":{"line":107,"column":4}},"15":{"start":{"line":108,"column":2},"end":{"line":108,"column":31}},"16":{"start":{"line":112,"column":27},"end":{"line":148,"column":2}},"17":{"start":{"line":131,"column":2},"end":{"line":134,"column":5}},"18":{"start":{"line":133,"column":3},"end":{"line":133,"column":34}},"19":{"start":{"line":135,"column":2},"end":{"line":138,"column":5}},"20":{"start":{"line":137,"column":3},"end":{"line":137,"column":34}},"21":{"start":{"line":139,"column":2},"end":{"line":143,"column":5}},"22":{"start":{"line":140,"column":3},"end":{"line":140,"column":30}},"23":{"start":{"line":141,"column":3},"end":{"line":141,"column":48}},"24":{"start":{"line":142,"column":3},"end":{"line":142,"column":54}},"25":{"start":{"line":144,"column":2},"end":{"line":146,"column":5}},"26":{"start":{"line":145,"column":3},"end":{"line":145,"column":36}},"27":{"start":{"line":150,"column":29},"end":{"line":150,"column":48}},"28":{"start":{"line":151,"column":28},"end":{"line":151,"column":62}},"29":{"start":{"line":151,"column":50},"end":{"line":151,"column":62}}},"fnMap":{"0":{"name":"(anonymous_0)","decl":{"start":{"line":72,"column":1},"end":{"line":72,"column":2}},"loc":{"start":{"line":72,"column":13},"end":{"line":77,"column":2}},"line":72},"1":{"name":"(anonymous_1)","decl":{"start":{"line":82,"column":1},"end":{"line":82,"column":2}},"loc":{"start":{"line":82,"column":13},"end":{"line":87,"column":2}},"line":82},"2":{"name":"(anonymous_2)","decl":{"start":{"line":92,"column":1},"end":{"line":92,"column":2}},"loc":{"start":{"line":92,"column":33},"end":{"line":99,"column":2}},"line":92},"3":{"name":"(anonymous_3)","decl":{"start":{"line":104,"column":1},"end":{"line":104,"column":2}},"loc":{"start":{"line":104,"column":33},"end":{"line":109,"column":2}},"line":104},"4":{"name":"(anonymous_4)","decl":{"start":{"line":129,"column":16},"end":{"line":129,"column":17}},"loc":{"start":{"line":129,"column":29},"end":{"line":147,"column":2}},"line":129},"5":{"name":"(anonymous_5)","decl":{"start":{"line":131,"column":42},"end":{"line":131,"column":43}},"loc":{"start":{"line":131,"column":61},"end":{"line":134,"column":3}},"line":131},"6":{"name":"(anonymous_6)","decl":{"start":{"line":135,"column":50},"end":{"line":135,"column":51}},"loc":{"start":{"line":135,"column":69},"end":{"line":138,"column":3}},"line":135},"7":{"name":"(anonymous_7)","decl":{"start":{"line":139,"column":41},"end":{"line":139,"column":42}},"loc":{"start":{"line":139,"column":60},"end":{"line":143,"column":3}},"line":139},"8":{"name":"(anonymous_8)","decl":{"start":{"line":144,"column":46},"end":{"line":144,"column":47}},"loc":{"start":{"line":144,"column":65},"end":{"line":146,"column":3}},"line":144},"9":{"name":"(anonymous_9)","decl":{"start":{"line":151,"column":28},"end":{"line":151,"column":29}},"loc":{"start":{"line":151,"column":50},"end":{"line":151,"column":62}},"line":151}},"branchMap":{"0":{"loc":{"start":{"line":98,"column":9},"end":{"line":98,"column":30}},"type":"binary-expr","locations":[{"start":{"line":98,"column":9},"end":{"line":98,"column":22}},{"start":{"line":98,"column":26},"end":{"line":98,"column":30}}],"line":98},"1":{"loc":{"start":{"line":108,"column":9},"end":{"line":108,"column":30}},"type":"binary-expr","locations":[{"start":{"line":108,"column":9},"end":{"line":108,"column":22}},{"start":{"line":108,"column":26},"end":{"line":108,"column":30}}],"line":108}},"s":{"0":1,"1":1,"2":1,"3":1,"4":1,"5":1,"6":1,"7":1,"8":1,"9":2,"10":2,"11":2,"12":2,"13":1,"14":2,"15":2,"16":1,"17":1,"18":1,"19":1,"20":1,"21":1,"22":2,"23":2,"24":1,"25":1,"26":2,"27":1,"28":1,"29":0},"f":{"0":1,"1":1,"2":2,"3":2,"4":1,"5":1,"6":1,"7":2,"8":2,"9":0},"b":{"0":[2,1],"1":[2,1]},"_coverageSchema":"1a1c01bbd47fc00a2c39e90264f33305004495a9","hash":"191502c0816b6762a2fecd7dc112baf4acb061d4"}
,"/home/panda/swppfall2022-team18/Frontend/ooo/src/store/slices/userCloth.ts": {"path":"/home/panda/swppfall2022-team18/Frontend/ooo/src/store/slices/userCloth.ts","statementMap":{"0":{"start":{"line":21,"column":37},"end":{"line":24,"column":1}},"1":{"start":{"line":26,"column":32},"end":{"line":32,"column":1}},"2":{"start":{"line":29,"column":19},"end":{"line":29,"column":71}},"3":{"start":{"line":30,"column":2},"end":{"line":30,"column":23}},"4":{"start":{"line":34,"column":30},"end":{"line":40,"column":1}},"5":{"start":{"line":37,"column":19},"end":{"line":37,"column":60}},"6":{"start":{"line":38,"column":2},"end":{"line":38,"column":31}},"7":{"start":{"line":42,"column":31},"end":{"line":51,"column":1}},"8":{"start":{"line":48,"column":19},"end":{"line":48,"column":59}},"9":{"start":{"line":49,"column":2},"end":{"line":49,"column":60}},"10":{"start":{"line":61,"column":31},"end":{"line":67,"column":1}},"11":{"start":{"line":64,"column":2},"end":{"line":64,"column":47}},"12":{"start":{"line":65,"column":2},"end":{"line":65,"column":63}},"13":{"start":{"line":69,"column":30},"end":{"line":123,"column":2}},"14":{"start":{"line":81,"column":19},"end":{"line":83,"column":5}},"15":{"start":{"line":82,"column":4},"end":{"line":82,"column":52}},"16":{"start":{"line":84,"column":3},"end":{"line":84,"column":31}},"17":{"start":{"line":98,"column":24},"end":{"line":106,"column":4}},"18":{"start":{"line":107,"column":3},"end":{"line":107,"column":40}},"19":{"start":{"line":112,"column":2},"end":{"line":115,"column":5}},"20":{"start":{"line":114,"column":3},"end":{"line":114,"column":38}},"21":{"start":{"line":116,"column":2},"end":{"line":118,"column":5}},"22":{"start":{"line":117,"column":3},"end":{"line":117,"column":44}},"23":{"start":{"line":119,"column":2},"end":{"line":121,"column":5}},"24":{"start":{"line":120,"column":3},"end":{"line":120,"column":31}},"25":{"start":{"line":125,"column":32},"end":{"line":125,"column":54}},"26":{"start":{"line":126,"column":31},"end":{"line":126,"column":68}},"27":{"start":{"line":126,"column":53},"end":{"line":126,"column":68}}},"fnMap":{"0":{"name":"(anonymous_0)","decl":{"start":{"line":28,"column":1},"end":{"line":28,"column":2}},"loc":{"start":{"line":28,"column":13},"end":{"line":31,"column":2}},"line":28},"1":{"name":"(anonymous_1)","decl":{"start":{"line":36,"column":1},"end":{"line":36,"column":2}},"loc":{"start":{"line":36,"column":36},"end":{"line":39,"column":2}},"line":36},"2":{"name":"(anonymous_2)","decl":{"start":{"line":44,"column":1},"end":{"line":44,"column":2}},"loc":{"start":{"line":47,"column":6},"end":{"line":50,"column":2}},"line":47},"3":{"name":"(anonymous_3)","decl":{"start":{"line":63,"column":1},"end":{"line":63,"column":2}},"loc":{"start":{"line":63,"column":50},"end":{"line":66,"column":2}},"line":63},"4":{"name":"(anonymous_4)","decl":{"start":{"line":80,"column":19},"end":{"line":80,"column":20}},"loc":{"start":{"line":80,"column":75},"end":{"line":85,"column":3}},"line":80},"5":{"name":"(anonymous_5)","decl":{"start":{"line":81,"column":44},"end":{"line":81,"column":45}},"loc":{"start":{"line":81,"column":59},"end":{"line":83,"column":4}},"line":81},"6":{"name":"(anonymous_6)","decl":{"start":{"line":86,"column":19},"end":{"line":86,"column":20}},"loc":{"start":{"line":97,"column":7},"end":{"line":108,"column":3}},"line":97},"7":{"name":"(anonymous_7)","decl":{"start":{"line":110,"column":16},"end":{"line":110,"column":17}},"loc":{"start":{"line":110,"column":29},"end":{"line":122,"column":2}},"line":110},"8":{"name":"(anonymous_8)","decl":{"start":{"line":112,"column":46},"end":{"line":112,"column":47}},"loc":{"start":{"line":112,"column":65},"end":{"line":115,"column":3}},"line":112},"9":{"name":"(anonymous_9)","decl":{"start":{"line":116,"column":44},"end":{"line":116,"column":45}},"loc":{"start":{"line":116,"column":63},"end":{"line":118,"column":3}},"line":116},"10":{"name":"(anonymous_10)","decl":{"start":{"line":119,"column":44},"end":{"line":119,"column":45}},"loc":{"start":{"line":119,"column":64},"end":{"line":121,"column":3}},"line":119},"11":{"name":"(anonymous_11)","decl":{"start":{"line":126,"column":31},"end":{"line":126,"column":32}},"loc":{"start":{"line":126,"column":53},"end":{"line":126,"column":68}},"line":126}},"branchMap":{"0":{"loc":{"start":{"line":38,"column":9},"end":{"line":38,"column":30}},"type":"binary-expr","locations":[{"start":{"line":38,"column":9},"end":{"line":38,"column":22}},{"start":{"line":38,"column":26},"end":{"line":38,"column":30}}],"line":38}},"s":{"0":2,"1":2,"2":1,"3":1,"4":2,"5":2,"6":2,"7":2,"8":2,"9":2,"10":2,"11":1,"12":1,"13":2,"14":1,"15":2,"16":1,"17":2,"18":1,"19":1,"20":1,"21":1,"22":2,"23":1,"24":1,"25":2,"26":2,"27":0},"f":{"0":1,"1":2,"2":2,"3":1,"4":1,"5":2,"6":2,"7":1,"8":1,"9":2,"10":1,"11":0},"b":{"0":[2,1]},"_coverageSchema":"1a1c01bbd47fc00a2c39e90264f33305004495a9","hash":"365fc55920d05aa1c41a51b87232916110dcd25e"}
}
