TN:
SF:src\App.tsx
FN:19,App
FNF:1
FNH:1
FNDA:2,App
DA:20,2
LF:1
LH:1
BRF:0
BRH:0
end_of_record
TN:
SF:src\api\user.tsx
FN:5,(anonymous_0)
FN:9,(anonymous_1)
FN:12,(anonymous_2)
FN:29,(anonymous_3)
FN:32,(anonymous_4)
FN:37,(anonymous_5)
FN:47,(anonymous_6)
FN:52,(anonymous_7)
FN:63,(anonymous_8)
FNF:9
FNH:3
FNDA:2,(anonymous_0)
FNDA:0,(anonymous_1)
FNDA:1,(anonymous_2)
FNDA:1,(anonymous_3)
FNDA:0,(anonymous_4)
FNDA:0,(anonymous_5)
FNDA:0,(anonymous_6)
FNDA:0,(anonymous_7)
FNDA:0,(anonymous_8)
DA:5,3
DA:6,2
DA:7,2
DA:10,0
DA:13,1
DA:16,1
DA:17,1
DA:18,1
DA:27,1
DA:30,1
DA:33,0
DA:37,3
DA:38,0
DA:39,0
DA:47,0
DA:48,0
DA:52,3
DA:53,0
DA:54,0
DA:62,0
DA:63,0
DA:64,0
DA:65,0
LF:23
LH:11
BRF:0
BRH:0
end_of_record
TN:
SF:src\components\AddClothModal\AddClothModal.tsx
FN:34,(anonymous_0)
FN:49,(anonymous_1)
FN:72,(anonymous_2)
FN:112,(anonymous_3)
FN:122,(anonymous_4)
FN:132,(anonymous_5)
FN:142,(anonymous_6)
FN:147,(anonymous_7)
FNF:8
FNH:0
FNDA:0,(anonymous_0)
FNDA:0,(anonymous_1)
FNDA:0,(anonymous_2)
FNDA:0,(anonymous_3)
FNDA:0,(anonymous_4)
FNDA:0,(anonymous_5)
FNDA:0,(anonymous_6)
FNDA:0,(anonymous_7)
DA:34,1
DA:35,0
DA:41,0
DA:42,0
DA:43,0
DA:44,0
DA:45,0
DA:46,0
DA:47,0
DA:49,0
DA:50,0
DA:57,0
DA:58,0
DA:60,0
DA:61,0
DA:63,0
DA:64,0
DA:66,0
DA:70,0
DA:72,0
DA:73,0
DA:76,0
DA:77,0
DA:80,0
DA:112,0
DA:122,0
DA:132,0
DA:142,0
DA:147,0
LF:29
LH:1
BRDA:52,0,0,0
BRDA:52,0,1,0
BRDA:57,1,0,0
BRDA:57,1,1,0
BRDA:57,2,0,0
BRDA:57,2,1,0
BRDA:57,2,2,0
BRDA:63,3,0,0
BRDA:63,3,1,0
BRDA:76,4,0,0
BRDA:76,4,1,0
BRDA:88,5,0,0
BRDA:88,5,1,0
BRDA:89,6,0,0
BRDA:89,6,1,0
BRF:15
BRH:0
end_of_record
TN:
SF:src\components\ClosetItem\ClosetItem.tsx
FN:20,(anonymous_0)
FN:23,(anonymous_1)
FN:44,(anonymous_2)
FNF:3
FNH:3
FNDA:4,(anonymous_0)
FNDA:1,(anonymous_1)
FNDA:1,(anonymous_2)
DA:20,2
DA:21,4
DA:23,3
DA:24,1
DA:28,3
DA:45,1
LF:6
LH:6
BRF:0
BRH:0
end_of_record
TN:
SF:src\components\ClothDetailModal\ClothDetailModal.tsx
FN:20,(anonymous_0)
FN:54,(anonymous_1)
FN:95,(anonymous_2)
FNF:3
FNH:1
FNDA:2,(anonymous_0)
FNDA:0,(anonymous_1)
FNDA:0,(anonymous_2)
DA:20,2
DA:21,2
DA:22,2
DA:24,2
DA:25,2
DA:26,2
DA:27,2
DA:28,2
DA:29,2
DA:30,2
DA:43,2
DA:54,2
DA:55,0
DA:62,2
DA:63,0
DA:66,2
DA:95,0
LF:17
LH:14
BRDA:62,0,0,0
BRDA:62,0,1,2
BRF:2
BRH:1
end_of_record
TN:
SF:src\components\FilterModal\FilterModal.tsx
FN:13,(anonymous_0)
FN:36,(anonymous_1)
FN:43,(anonymous_2)
FN:50,(anonymous_3)
FN:58,(anonymous_4)
FNF:5
FNH:0
FNDA:0,(anonymous_0)
FNDA:0,(anonymous_1)
FNDA:0,(anonymous_2)
FNDA:0,(anonymous_3)
FNDA:0,(anonymous_4)
DA:13,1
DA:14,0
DA:23,0
DA:29,0
DA:36,0
DA:37,0
DA:40,0
DA:44,0
DA:51,0
DA:59,0
LF:10
LH:1
BRF:0
BRH:0
end_of_record
TN:
SF:src\components\Header\Header.tsx
FN:10,(anonymous_0)
FNF:1
FNH:1
FNDA:14,(anonymous_0)
DA:10,3
DA:11,14
LF:2
LH:2
BRF:0
BRH:0
end_of_record
TN:
SF:src\components\OutfitPreview\OutfitPreview.tsx
FN:11,(anonymous_0)
FN:26,(anonymous_1)
FNF:2
FNH:2
FNDA:2,(anonymous_0)
FNDA:2,(anonymous_1)
DA:11,2
DA:14,2
DA:27,2
LF:3
LH:3
BRF:0
BRH:0
end_of_record
TN:
SF:src\components\SampleClothModal\SampleClothModal.tsx
FN:20,(anonymous_0)
FN:23,(anonymous_1)
FN:43,(anonymous_2)
FN:69,(anonymous_3)
FNF:4
FNH:1
FNDA:4,(anonymous_0)
FNDA:0,(anonymous_1)
FNDA:0,(anonymous_2)
FNDA:0,(anonymous_3)
DA:20,2
DA:21,4
DA:23,4
DA:24,0
DA:27,4
DA:28,2
DA:43,0
DA:58,2
DA:69,0
LF:9
LH:6
BRDA:27,0,0,2
BRDA:27,0,1,2
BRF:2
BRH:2
end_of_record
TN:
SF:src\containers\Closet\Closet.tsx
FN:36,Closet
FN:43,(anonymous_1)
FN:49,(anonymous_2)
FN:164,(anonymous_3)
FN:167,(anonymous_4)
FN:170,(anonymous_5)
FN:185,(anonymous_6)
FNF:7
FNH:0
FNDA:0,Closet
FNDA:0,(anonymous_1)
FNDA:0,(anonymous_2)
FNDA:0,(anonymous_3)
FNDA:0,(anonymous_4)
FNDA:0,(anonymous_5)
FNDA:0,(anonymous_6)
DA:37,0
DA:38,0
DA:40,0
DA:41,0
DA:43,0
DA:44,0
DA:47,0
DA:49,0
DA:50,0
DA:53,0
DA:75,0
DA:107,0
DA:160,0
DA:165,0
DA:168,0
DA:171,0
DA:185,0
LF:17
LH:0
BRF:0
BRH:0
end_of_record
TN:
SF:src\containers\Home\Home.tsx
FN:11,Home
FN:366,(anonymous_1)
FN:369,(anonymous_2)
FN:372,(anonymous_3)
FN:390,(anonymous_4)
FN:401,(anonymous_5)
FN:410,(anonymous_6)
FN:442,(anonymous_7)
FN:476,(anonymous_8)
FN:490,(anonymous_9)
FN:497,(anonymous_10)
FN:504,(anonymous_11)
FNF:12
FNH:10
FNDA:2,Home
FNDA:1,(anonymous_1)
FNDA:1,(anonymous_2)
FNDA:1,(anonymous_3)
FNDA:1,(anonymous_4)
FNDA:0,(anonymous_5)
FNDA:0,(anonymous_6)
FNDA:1,(anonymous_7)
FNDA:1,(anonymous_8)
FNDA:4,(anonymous_9)
FNDA:4,(anonymous_10)
FNDA:4,(anonymous_11)
DA:12,2
DA:18,2
DA:32,2
DA:100,2
DA:122,2
DA:144,2
DA:176,2
DA:228,2
DA:361,2
DA:367,1
DA:373,1
DA:443,1
DA:477,1
DA:491,4
DA:498,4
DA:505,4
LF:16
LH:16
BRF:0
BRH:0
end_of_record
TN:
SF:src\containers\Login\Login.test copy.tsx
FN:10,(anonymous_0)
FN:12,(anonymous_1)
FN:16,(anonymous_2)
FN:17,(anonymous_3)
FN:20,(anonymous_4)
FN:34,(anonymous_5)
FN:37,(anonymous_6)
FN:44,(anonymous_7)
FN:47,(anonymous_8)
FNF:9
FNH:0
FNDA:0,(anonymous_0)
FNDA:0,(anonymous_1)
FNDA:0,(anonymous_2)
FNDA:0,(anonymous_3)
FNDA:0,(anonymous_4)
FNDA:0,(anonymous_5)
FNDA:0,(anonymous_6)
FNDA:0,(anonymous_7)
FNDA:0,(anonymous_8)
DA:9,0
DA:10,0
DA:12,0
DA:16,0
DA:17,0
DA:18,0
DA:20,0
DA:21,0
DA:25,0
DA:26,0
DA:27,0
DA:28,0
DA:29,0
DA:30,0
DA:31,0
DA:32,0
DA:33,0
DA:34,0
DA:37,0
DA:38,0
DA:39,0
DA:40,0
DA:41,0
DA:44,0
DA:45,0
DA:46,0
DA:47,0
LF:27
LH:0
BRF:0
BRH:0
end_of_record
TN:
SF:src\containers\Login\Login.tsx
FN:7,Login
FN:15,(anonymous_1)
FN:25,(anonymous_2)
FN:26,(anonymous_3)
FN:34,(anonymous_4)
FN:65,(anonymous_5)
FN:74,(anonymous_6)
FN:88,(anonymous_7)
FNF:8
FNH:8
FNDA:10,Login
FNDA:5,(anonymous_1)
FNDA:4,(anonymous_2)
FNDA:4,(anonymous_3)
FNDA:2,(anonymous_4)
FNDA:1,(anonymous_5)
FNDA:1,(anonymous_6)
FNDA:2,(anonymous_7)
DA:8,10
DA:9,8
DA:10,8
DA:11,8
DA:13,8
DA:15,8
DA:16,5
DA:17,5
DA:25,8
DA:26,4
DA:27,4
DA:28,1
DA:31,4
DA:34,8
DA:35,2
DA:36,1
DA:37,1
DA:39,0
DA:43,8
DA:44,2
DA:46,6
DA:65,1
DA:74,1
DA:88,2
LF:24
LH:23
BRDA:18,0,0,5
BRDA:18,0,1,2
BRDA:18,0,2,2
BRDA:27,1,0,1
BRDA:27,1,1,3
BRDA:36,2,0,1
BRDA:36,2,1,0
BRDA:43,3,0,2
BRDA:43,3,1,6
BRDA:78,4,0,6
BRDA:78,4,1,0
BRF:11
BRH:9
end_of_record
TN:
SF:src\containers\Outfit\Outfit.tsx
FN:11,Outfit
FN:149,(anonymous_1)
FN:157,(anonymous_2)
FN:165,(anonymous_3)
FN:169,(anonymous_4)
FN:173,(anonymous_5)
FN:179,(anonymous_6)
FN:186,(anonymous_7)
FN:189,(anonymous_8)
FN:192,(anonymous_9)
FN:201,(anonymous_10)
FN:207,(anonymous_11)
FN:213,(anonymous_12)
FN:217,(anonymous_13)
FN:221,(anonymous_14)
FN:225,(anonymous_15)
FN:232,(anonymous_16)
FNF:17
FNH:0
FNDA:0,Outfit
FNDA:0,(anonymous_1)
FNDA:0,(anonymous_2)
FNDA:0,(anonymous_3)
FNDA:0,(anonymous_4)
FNDA:0,(anonymous_5)
FNDA:0,(anonymous_6)
FNDA:0,(anonymous_7)
FNDA:0,(anonymous_8)
FNDA:0,(anonymous_9)
FNDA:0,(anonymous_10)
FNDA:0,(anonymous_11)
FNDA:0,(anonymous_12)
FNDA:0,(anonymous_13)
FNDA:0,(anonymous_14)
FNDA:0,(anonymous_15)
FNDA:0,(anonymous_16)
DA:12,0
DA:13,0
DA:14,0
DA:15,0
DA:16,0
DA:138,0
DA:149,0
DA:150,0
DA:152,0
DA:153,0
DA:157,0
DA:158,0
DA:160,0
DA:161,0
DA:165,0
DA:166,0
DA:169,0
DA:170,0
DA:173,0
DA:174,0
DA:175,0
DA:176,0
DA:179,0
DA:180,0
DA:183,0
DA:187,0
DA:190,0
DA:193,0
DA:201,0
DA:207,0
DA:213,0
DA:217,0
DA:221,0
DA:226,0
DA:232,0
LF:35
LH:0
BRDA:150,0,0,0
BRDA:150,0,1,0
BRDA:158,1,0,0
BRDA:158,1,1,0
BRDA:200,2,0,0
BRDA:200,2,1,0
BRDA:206,3,0,0
BRDA:206,3,1,0
BRDA:212,4,0,0
BRDA:212,4,1,0
BRF:10
BRH:0
end_of_record
TN:
SF:src\containers\OutfitDetail\OutfitDetail.tsx
FN:16,(anonymous_0)
FN:76,(anonymous_1)
FN:80,(anonymous_2)
FN:100,(anonymous_3)
FN:103,(anonymous_4)
FN:106,(anonymous_5)
FN:119,(anonymous_6)
FN:129,(anonymous_7)
FN:136,(anonymous_8)
FN:161,(anonymous_9)
FNF:10
FNH:7
FNDA:10,(anonymous_0)
FNDA:1,(anonymous_1)
FNDA:3,(anonymous_2)
FNDA:0,(anonymous_3)
FNDA:0,(anonymous_4)
FNDA:0,(anonymous_5)
FNDA:1,(anonymous_6)
FNDA:18,(anonymous_7)
FNDA:3,(anonymous_8)
FNDA:1,(anonymous_9)
DA:16,2
DA:20,10
DA:21,10
DA:22,9
DA:23,9
DA:30,9
DA:45,9
DA:68,9
DA:76,9
DA:77,1
DA:80,9
DA:82,3
DA:83,3
DA:84,2
DA:85,2
DA:87,1
DA:88,1
DA:90,3
DA:93,9
DA:94,0
DA:96,9
DA:101,0
DA:104,0
DA:107,0
DA:120,1
DA:130,18
DA:136,3
DA:162,1
DA:163,1
DA:164,1
LF:30
LH:26
BRDA:83,0,0,2
BRDA:83,0,1,1
BRDA:93,1,0,0
BRDA:93,1,1,9
BRF:4
BRH:3
end_of_record
TN:
SF:src\containers\Redirect\Redirect.tsx
FN:3,(anonymous_0)
FNF:1
FNH:0
FNDA:0,(anonymous_0)
DA:3,1
DA:4,0
DA:5,0
DA:6,0
DA:8,0
LF:5
LH:1
BRDA:6,0,0,0
BRDA:6,0,1,0
BRF:2
BRH:0
end_of_record
TN:
SF:src\store\index.ts
FNF:0
FNH:0
DA:5,2
LF:1
LH:1
BRF:0
BRH:0
end_of_record
TN:
SF:src\store\slices\outfit.ts
FN:72,(anonymous_0)
FN:82,(anonymous_1)
FN:92,(anonymous_2)
FN:104,(anonymous_3)
FN:129,(anonymous_4)
FN:131,(anonymous_5)
FN:135,(anonymous_6)
FN:139,(anonymous_7)
FN:144,(anonymous_8)
FN:151,(anonymous_9)
FNF:10
FNH:9
FNDA:1,(anonymous_0)
FNDA:1,(anonymous_1)
FNDA:2,(anonymous_2)
FNDA:2,(anonymous_3)
FNDA:3,(anonymous_4)
FNDA:1,(anonymous_5)
FNDA:1,(anonymous_6)
FNDA:2,(anonymous_7)
FNDA:2,(anonymous_8)
FNDA:0,(anonymous_9)
DA:52,3
DA:66,3
DA:70,3
DA:73,1
DA:76,1
DA:80,3
DA:83,1
DA:86,1
DA:90,3
DA:93,2
DA:94,2
DA:97,2
DA:98,2
DA:102,3
DA:105,2
DA:108,2
DA:112,3
DA:131,3
DA:133,1
DA:135,3
DA:137,1
DA:139,3
DA:140,2
DA:141,2
DA:142,1
DA:144,3
DA:145,2
DA:150,3
DA:151,3
LF:29
LH:29
BRDA:98,0,0,2
BRDA:98,0,1,1
BRDA:108,1,0,2
BRDA:108,1,1,1
BRF:4
BRH:4
end_of_record
TN:
SF:src\store\slices\userCloth.ts
FN:28,(anonymous_0)
FN:36,(anonymous_1)
FN:44,(anonymous_2)
FN:63,(anonymous_3)
FN:80,(anonymous_4)
FN:81,(anonymous_5)
FN:86,(anonymous_6)
FN:110,(anonymous_7)
FN:112,(anonymous_8)
FN:116,(anonymous_9)
FN:119,(anonymous_10)
FN:126,(anonymous_11)
FNF:12
FNH:11
FNDA:1,(anonymous_0)
FNDA:2,(anonymous_1)
FNDA:2,(anonymous_2)
FNDA:1,(anonymous_3)
FNDA:1,(anonymous_4)
FNDA:2,(anonymous_5)
FNDA:2,(anonymous_6)
FNDA:3,(anonymous_7)
FNDA:1,(anonymous_8)
FNDA:2,(anonymous_9)
FNDA:1,(anonymous_10)
FNDA:0,(anonymous_11)
DA:21,3
DA:26,3
DA:29,1
DA:30,1
DA:34,3
DA:37,2
DA:38,2
DA:42,3
DA:48,2
DA:49,2
DA:61,3
DA:64,1
DA:65,1
DA:69,3
DA:81,1
DA:82,2
DA:84,1
DA:98,2
DA:107,1
DA:112,3
DA:114,1
DA:116,3
DA:117,2
DA:119,3
DA:120,1
DA:125,3
DA:126,3
LF:27
LH:27
BRDA:38,0,0,2
BRDA:38,0,1,1
BRF:2
BRH:2
end_of_record
