TN:
SF:src/components/Header/Header.tsx
FN:10,(anonymous_0)
FNF:1
FNH:1
FNDA:13,(anonymous_0)
DA:10,2
DA:11,13
LF:2
LH:2
BRF:0
BRH:0
end_of_record
TN:
SF:src/containers/Login/Login.tsx
FN:7,Login
FN:15,(anonymous_1)
FN:25,(anonymous_2)
FN:26,(anonymous_3)
FN:34,(anonymous_4)
FN:65,(anonymous_5)
FN:74,(anonymous_6)
FN:88,(anonymous_7)
FNF:8
FNH:8
FNDA:9,Login
FNDA:5,(anonymous_1)
FNDA:4,(anonymous_2)
FNDA:4,(anonymous_3)
FNDA:2,(anonymous_4)
FNDA:1,(anonymous_5)
FNDA:1,(anonymous_6)
FNDA:2,(anonymous_7)
DA:8,9
DA:9,7
DA:10,7
DA:11,7
DA:13,7
DA:15,7
DA:16,5
DA:17,5
DA:25,7
DA:26,4
DA:27,4
DA:28,1
DA:31,4
DA:34,7
DA:35,2
DA:36,1
DA:37,1
DA:39,0
DA:43,7
DA:44,1
DA:46,6
DA:65,1
DA:74,1
DA:88,2
LF:24
LH:23
BRDA:18,0,0,5
BRDA:18,0,1,2
BRDA:18,0,2,2
BRDA:27,1,0,1
BRDA:27,1,1,3
BRDA:36,2,0,1
BRDA:36,2,1,0
BRDA:43,3,0,1
BRDA:43,3,1,6
BRDA:78,4,0,6
BRDA:78,4,1,0
BRF:11
BRH:9
end_of_record
TN:
SF:src/containers/OutfitDetail/OutfitDetail.tsx
FN:16,(anonymous_0)
FN:76,(anonymous_1)
FN:80,(anonymous_2)
FN:100,(anonymous_3)
FN:103,(anonymous_4)
FN:106,(anonymous_5)
FN:119,(anonymous_6)
FN:129,(anonymous_7)
FN:136,(anonymous_8)
FN:161,(anonymous_9)
FNF:10
FNH:10
FNDA:13,(anonymous_0)
FNDA:1,(anonymous_1)
FNDA:3,(anonymous_2)
FNDA:1,(anonymous_3)
FNDA:1,(anonymous_4)
FNDA:1,(anonymous_5)
FNDA:1,(anonymous_6)
FNDA:24,(anonymous_7)
FNDA:3,(anonymous_8)
FNDA:1,(anonymous_9)
DA:16,2
DA:20,13
DA:21,13
DA:22,12
DA:23,12
DA:30,12
DA:45,12
DA:68,12
DA:76,12
DA:77,1
DA:80,12
DA:82,3
DA:83,3
DA:84,2
DA:85,2
DA:87,1
DA:88,1
DA:90,3
DA:93,12
DA:94,0
DA:96,12
DA:101,1
DA:104,1
DA:107,1
DA:120,1
DA:130,24
DA:136,3
DA:162,1
DA:163,1
DA:164,1
LF:30
LH:29
BRDA:83,0,0,2
BRDA:83,0,1,1
BRDA:93,1,0,0
BRDA:93,1,1,12
BRF:4
BRH:3
end_of_record
TN:
SF:src/store/index.ts
FNF:0
FNH:0
DA:5,0
LF:1
LH:0
BRF:0
BRH:0
end_of_record
TN:
SF:src/store/slices/outfit.ts
FN:72,(anonymous_0)
FN:82,(anonymous_1)
FN:92,(anonymous_2)
FN:104,(anonymous_3)
FN:129,(anonymous_4)
FN:131,(anonymous_5)
FN:135,(anonymous_6)
FN:139,(anonymous_7)
FN:144,(anonymous_8)
FN:151,(anonymous_9)
FNF:10
FNH:9
FNDA:1,(anonymous_0)
FNDA:1,(anonymous_1)
FNDA:2,(anonymous_2)
FNDA:2,(anonymous_3)
FNDA:1,(anonymous_4)
FNDA:1,(anonymous_5)
FNDA:1,(anonymous_6)
FNDA:2,(anonymous_7)
FNDA:2,(anonymous_8)
FNDA:0,(anonymous_9)
DA:52,1
DA:66,1
DA:70,1
DA:73,1
DA:76,1
DA:80,1
DA:83,1
DA:86,1
DA:90,1
DA:93,2
DA:94,2
DA:97,2
DA:98,2
DA:102,1
DA:105,2
DA:108,2
DA:112,1
DA:131,1
DA:133,1
DA:135,1
DA:137,1
DA:139,1
DA:140,2
DA:141,2
DA:142,2
DA:144,1
DA:145,2
DA:150,1
DA:151,1
LF:29
LH:29
BRDA:98,0,0,2
BRDA:98,0,1,0
BRDA:108,1,0,2
BRDA:108,1,1,1
BRF:4
BRH:3
end_of_record
